0 verbose cli /home/vagrant/.nvm/versions/node/v20.1.0/bin/node /home/vagrant/.nvm/versions/node/v20.1.0/lib/node_modules/npm/bin/npm-cli.js
1 info using npm@9.6.4
2 info using node@v20.1.0
3 timing npm:load:whichnode Completed in 3ms
4 timing config:load:defaults Completed in 1ms
5 timing config:load:file:/home/vagrant/.nvm/versions/node/v20.1.0/lib/node_modules/npm/npmrc Completed in 0ms
6 timing config:load:builtin Completed in 0ms
7 timing config:load:cli Completed in 1ms
8 timing config:load:env Completed in 0ms
9 timing config:load:project Completed in 1ms
10 timing config:load:file:/home/vagrant/.npmrc Completed in 0ms
11 timing config:load:user Completed in 0ms
12 timing config:load:file:/home/vagrant/.nvm/versions/node/v20.1.0/etc/npmrc Completed in 0ms
13 timing config:load:global Completed in 0ms
14 timing config:load:setEnvs Completed in 1ms
15 timing config:load Completed in 4ms
16 timing npm:load:configload Completed in 4ms
17 timing npm:load:mkdirpcache Completed in 0ms
18 timing npm:load:mkdirplogs Completed in 0ms
19 verbose title npm exec create-react-app
20 verbose argv "exec" "--" "create-react-app"
21 timing npm:load:setTitle Completed in 1ms
22 timing config:load:flatten Completed in 1ms
23 timing npm:load:display Completed in 1ms
24 verbose logfile logs-max:10 dir:/home/vagrant/.npm/_logs/2023-05-15T03_04_27_043Z-
25 verbose logfile /home/vagrant/.npm/_logs/2023-05-15T03_04_27_043Z-debug-0.log
26 timing npm:load:logFile Completed in 3ms
27 timing npm:load:timers Completed in 0ms
28 timing npm:load:configScope Completed in 0ms
29 timing npm:load Completed in 13ms
30 silly logfile done cleaning log files
31 timing arborist:ctor Completed in 0ms
32 http fetch GET 200 https://registry.npmjs.org/create-react-app 973ms (cache miss)
33 timing arborist:ctor Completed in 1ms
34 timing arborist:ctor Completed in 0ms
35 timing command:exec Completed in 3473ms
36 verbose stack Error: canceled
36 verbose stack     at Interface.<anonymous> (/home/vagrant/.nvm/versions/node/v20.1.0/lib/node_modules/npm/node_modules/read/lib/read.js:79:15)
36 verbose stack     at Interface.emit (node:events:511:28)
36 verbose stack     at [_ttyWrite] [as _ttyWrite] (node:internal/readline/interface:1124:18)
36 verbose stack     at ReadStream.onkeypress (node:internal/readline/interface:263:20)
36 verbose stack     at ReadStream.emit (node:events:511:28)
36 verbose stack     at emitKeys (node:internal/readline/utils:357:14)
36 verbose stack     at emitKeys.next (<anonymous>)
36 verbose stack     at ReadStream.onData (node:internal/readline/emitKeypressEvents:64:36)
36 verbose stack     at ReadStream.emit (node:events:511:28)
36 verbose stack     at addChunk (node:internal/streams/readable:332:12)
37 verbose cwd /home/vagrant
38 verbose Linux 5.15.0-71-generic
39 verbose node v20.1.0
40 verbose npm  v9.6.4
41 error canceled
42 verbose exit 1
43 timing npm Completed in 3495ms
44 verbose code 1
45 error A complete log of this run can be found in: /home/vagrant/.npm/_logs/2023-05-15T03_04_27_043Z-debug-0.log
