0 verbose cli /home/vagrant/.nvm/versions/node/v20.1.0/bin/node /home/vagrant/.nvm/versions/node/v20.1.0/lib/node_modules/npm/bin/npm-cli.js
1 info using npm@9.6.4
2 info using node@v20.1.0
3 timing npm:load:whichnode Completed in 5ms
4 timing config:load:defaults Completed in 1ms
5 timing config:load:file:/home/vagrant/.nvm/versions/node/v20.1.0/lib/node_modules/npm/npmrc Completed in 1ms
6 timing config:load:builtin Completed in 1ms
7 timing config:load:cli Completed in 0ms
8 timing config:load:env Completed in 0ms
9 timing config:load:project Completed in 0ms
10 timing config:load:file:/home/vagrant/.npmrc Completed in 0ms
11 timing config:load:user Completed in 0ms
12 timing config:load:file:/home/vagrant/.nvm/versions/node/v20.1.0/etc/npmrc Completed in 0ms
13 timing config:load:global Completed in 1ms
14 timing config:load:setEnvs Completed in 0ms
15 timing config:load Completed in 4ms
16 timing npm:load:configload Completed in 4ms
17 timing npm:load:mkdirpcache Completed in 0ms
18 timing npm:load:mkdirplogs Completed in 1ms
19 verbose title npm exec create-react-app hello
20 verbose argv "exec" "--" "create-react-app" "hello"
21 timing npm:load:setTitle Completed in 0ms
22 timing config:load:flatten Completed in 1ms
23 timing npm:load:display Completed in 2ms
24 verbose logfile logs-max:10 dir:/home/vagrant/.npm/_logs/2023-05-15T03_04_52_320Z-
25 verbose logfile /home/vagrant/.npm/_logs/2023-05-15T03_04_52_320Z-debug-0.log
26 timing npm:load:logFile Completed in 3ms
27 timing npm:load:timers Completed in 0ms
28 timing npm:load:configScope Completed in 0ms
29 timing npm:load Completed in 15ms
30 silly logfile done cleaning log files
31 timing arborist:ctor Completed in 0ms
32 http fetch GET 200 https://registry.npmjs.org/create-react-app 217ms (cache revalidated)
33 timing arborist:ctor Completed in 0ms
34 timing arborist:ctor Completed in 0ms
35 timing arborist:ctor Completed in 0ms
36 timing idealTree:init Completed in 7ms
37 timing idealTree:userRequests Completed in 1ms
38 silly idealTree buildDeps
39 silly fetch manifest create-react-app@5.0.1
40 http fetch GET 200 https://registry.npmjs.org/create-react-app 3ms (cache hit)
41 silly placeDep ROOT create-react-app@5.0.1 OK for:  want: 5.0.1
42 silly fetch manifest chalk@^4.1.2
43 silly fetch manifest commander@^4.1.1
44 silly fetch manifest cross-spawn@^7.0.3
45 silly fetch manifest envinfo@^7.8.1
46 silly fetch manifest fs-extra@^10.0.0
47 silly fetch manifest hyperquest@^2.1.3
48 silly fetch manifest prompts@^2.4.2
49 silly fetch manifest semver@^7.3.5
50 silly fetch manifest tar-pack@^3.4.1
51 silly fetch manifest tmp@^0.2.1
52 silly fetch manifest validate-npm-package-name@^3.0.0
53 http fetch GET 200 https://registry.npmjs.org/chalk 69ms (cache miss)
54 http fetch GET 200 https://registry.npmjs.org/validate-npm-package-name 153ms (cache miss)
55 http fetch GET 200 https://registry.npmjs.org/cross-spawn 156ms (cache miss)
56 http fetch GET 200 https://registry.npmjs.org/semver 161ms (cache miss)
57 http fetch GET 200 https://registry.npmjs.org/prompts 163ms (cache miss)
58 http fetch GET 200 https://registry.npmjs.org/fs-extra 178ms (cache miss)
59 http fetch GET 200 https://registry.npmjs.org/envinfo 210ms (cache miss)
60 http fetch GET 200 https://registry.npmjs.org/hyperquest 779ms (cache miss)
61 http fetch GET 200 https://registry.npmjs.org/tmp 779ms (cache miss)
62 http fetch GET 200 https://registry.npmjs.org/commander 827ms (cache miss)
63 http fetch GET 200 https://registry.npmjs.org/tar-pack 837ms (cache miss)
64 timing idealTree:#root Completed in 846ms
65 silly placeDep ROOT chalk@4.1.2 OK for: create-react-app@5.0.1 want: ^4.1.2
66 silly placeDep ROOT commander@4.1.1 OK for: create-react-app@5.0.1 want: ^4.1.1
67 silly placeDep ROOT cross-spawn@7.0.3 OK for: create-react-app@5.0.1 want: ^7.0.3
68 silly placeDep ROOT envinfo@7.8.1 OK for: create-react-app@5.0.1 want: ^7.8.1
69 silly placeDep ROOT fs-extra@10.1.0 OK for: create-react-app@5.0.1 want: ^10.0.0
70 silly placeDep ROOT hyperquest@2.1.3 OK for: create-react-app@5.0.1 want: ^2.1.3
71 silly placeDep ROOT prompts@2.4.2 OK for: create-react-app@5.0.1 want: ^2.4.2
72 silly placeDep ROOT semver@7.5.1 OK for: create-react-app@5.0.1 want: ^7.3.5
73 silly placeDep ROOT tar-pack@3.4.1 OK for: create-react-app@5.0.1 want: ^3.4.1
74 silly placeDep ROOT tmp@0.2.1 OK for: create-react-app@5.0.1 want: ^0.2.1
75 silly placeDep ROOT validate-npm-package-name@3.0.0 OK for: create-react-app@5.0.1 want: ^3.0.0
76 silly fetch manifest ansi-styles@^4.1.0
77 silly fetch manifest supports-color@^7.1.0
78 silly fetch manifest path-key@^3.1.0
79 silly fetch manifest shebang-command@^2.0.0
80 silly fetch manifest which@^2.0.1
81 silly fetch manifest graceful-fs@^4.2.0
82 silly fetch manifest jsonfile@^6.0.1
83 silly fetch manifest universalify@^2.0.0
84 silly fetch manifest buffer-from@^0.1.1
85 silly fetch manifest duplexer2@~0.0.2
86 silly fetch manifest through2@~0.6.3
87 silly fetch manifest kleur@^3.0.3
88 silly fetch manifest sisteransi@^1.0.5
89 silly fetch manifest lru-cache@^6.0.0
90 silly fetch manifest debug@^2.2.0
91 silly fetch manifest fstream@^1.0.10
92 silly fetch manifest fstream-ignore@^1.0.5
93 silly fetch manifest once@^1.3.3
94 silly fetch manifest readable-stream@^2.1.4
95 silly fetch manifest rimraf@^2.5.1
96 silly fetch manifest tar@^2.2.1
97 silly fetch manifest uid-number@^0.0.6
98 silly fetch manifest rimraf@^3.0.0
99 silly fetch manifest builtins@^1.0.3
100 http fetch GET 200 https://registry.npmjs.org/shebang-command 63ms (cache miss)
101 http fetch GET 200 https://registry.npmjs.org/ansi-styles 71ms (cache miss)
102 http fetch GET 200 https://registry.npmjs.org/which 71ms (cache miss)
103 http fetch GET 200 https://registry.npmjs.org/universalify 87ms (cache miss)
104 http fetch GET 200 https://registry.npmjs.org/path-key 88ms (cache miss)
105 http fetch GET 200 https://registry.npmjs.org/through2 95ms (cache miss)
106 http fetch GET 200 https://registry.npmjs.org/supports-color 98ms (cache miss)
107 http fetch GET 200 https://registry.npmjs.org/graceful-fs 98ms (cache miss)
108 http fetch GET 200 https://registry.npmjs.org/jsonfile 98ms (cache miss)
109 http fetch GET 200 https://registry.npmjs.org/once 115ms (cache miss)
110 http fetch GET 200 https://registry.npmjs.org/builtins 144ms (cache miss)
111 http fetch GET 200 https://registry.npmjs.org/rimraf 147ms (cache miss)
112 http fetch GET 200 https://registry.npmjs.org/sisteransi 152ms (cache miss)
113 http fetch GET 200 https://registry.npmjs.org/debug 175ms (cache miss)
114 http fetch GET 200 https://registry.npmjs.org/lru-cache 246ms (cache miss)
115 http fetch GET 200 https://registry.npmjs.org/duplexer2 751ms (cache miss)
116 http fetch GET 200 https://registry.npmjs.org/uid-number 747ms (cache miss)
117 http fetch GET 200 https://registry.npmjs.org/buffer-from 756ms (cache miss)
118 http fetch GET 200 https://registry.npmjs.org/fstream-ignore 754ms (cache miss)
119 http fetch GET 200 https://registry.npmjs.org/tar 752ms (cache miss)
120 http fetch GET 200 https://registry.npmjs.org/rimraf 754ms (cache miss)
121 http fetch GET 200 https://registry.npmjs.org/fstream 758ms (cache miss)
122 http fetch GET 200 https://registry.npmjs.org/kleur 761ms (cache miss)
123 http fetch GET 200 https://registry.npmjs.org/readable-stream 778ms (cache miss)
124 timing idealTree:node_modules/create-react-app Completed in 801ms
125 silly placeDep ROOT ansi-styles@4.3.0 OK for: chalk@4.1.2 want: ^4.1.0
126 silly placeDep ROOT supports-color@7.2.0 OK for: chalk@4.1.2 want: ^7.1.0
127 silly fetch manifest color-convert@^2.0.1
128 silly fetch manifest has-flag@^4.0.0
129 http fetch GET 200 https://registry.npmjs.org/color-convert 52ms (cache miss)
130 http fetch GET 200 https://registry.npmjs.org/has-flag 758ms (cache miss)
131 timing idealTree:node_modules/chalk Completed in 762ms
132 silly placeDep ROOT color-convert@2.0.1 OK for: ansi-styles@4.3.0 want: ^2.0.1
133 silly fetch manifest color-name@~1.1.4
134 http fetch GET 200 https://registry.npmjs.org/color-name 60ms (cache miss)
135 timing idealTree:node_modules/ansi-styles Completed in 64ms
136 silly placeDep ROOT color-name@1.1.4 OK for: color-convert@2.0.1 want: ~1.1.4
137 timing idealTree:node_modules/color-convert Completed in 0ms
138 timing idealTree:node_modules/color-name Completed in 0ms
139 timing idealTree:node_modules/commander Completed in 0ms
140 silly placeDep ROOT path-key@3.1.1 OK for: cross-spawn@7.0.3 want: ^3.1.0
141 silly placeDep ROOT shebang-command@2.0.0 OK for: cross-spawn@7.0.3 want: ^2.0.0
142 silly placeDep ROOT which@2.0.2 OK for: cross-spawn@7.0.3 want: ^2.0.1
143 silly fetch manifest shebang-regex@^3.0.0
144 silly fetch manifest isexe@^2.0.0
145 http fetch GET 200 https://registry.npmjs.org/isexe 57ms (cache miss)
146 http fetch GET 200 https://registry.npmjs.org/shebang-regex 60ms (cache miss)
147 timing idealTree:node_modules/cross-spawn Completed in 63ms
148 timing idealTree:node_modules/envinfo Completed in 0ms
149 silly placeDep ROOT graceful-fs@4.2.11 OK for: fs-extra@10.1.0 want: ^4.2.0
150 silly placeDep ROOT jsonfile@6.1.0 OK for: fs-extra@10.1.0 want: ^6.0.1
151 silly placeDep ROOT universalify@2.0.0 OK for: fs-extra@10.1.0 want: ^2.0.0
152 timing idealTree:node_modules/fs-extra Completed in 4ms
153 timing idealTree:node_modules/graceful-fs Completed in 0ms
154 silly placeDep ROOT buffer-from@0.1.2 OK for: hyperquest@2.1.3 want: ^0.1.1
155 silly placeDep ROOT duplexer2@0.0.2 OK for: hyperquest@2.1.3 want: ~0.0.2
156 silly placeDep ROOT through2@0.6.5 OK for: hyperquest@2.1.3 want: ~0.6.3
157 silly fetch manifest readable-stream@~1.1.9
158 silly fetch manifest readable-stream@>=1.0.33-1 <1.1.0-0
159 silly fetch manifest xtend@>=4.0.0 <4.1.0-0
160 http fetch GET 200 https://registry.npmjs.org/xtend 58ms (cache miss)
161 timing idealTree:node_modules/hyperquest Completed in 62ms
162 timing idealTree:node_modules/buffer-from Completed in 0ms
163 silly placeDep ROOT readable-stream@1.1.14 OK for: duplexer2@0.0.2 want: ~1.1.9
164 silly fetch manifest core-util-is@~1.0.0
165 silly fetch manifest isarray@0.0.1
166 silly fetch manifest string_decoder@~0.10.x
167 silly fetch manifest inherits@~2.0.1
168 http fetch GET 200 https://registry.npmjs.org/string_decoder 62ms (cache miss)
169 http fetch GET 200 https://registry.npmjs.org/inherits 62ms (cache miss)
170 http fetch GET 200 https://registry.npmjs.org/isarray 633ms (cache miss)
171 http fetch GET 200 https://registry.npmjs.org/core-util-is 655ms (cache miss)
172 timing idealTree:node_modules/duplexer2 Completed in 660ms
173 timing idealTree:node_modules/jsonfile Completed in 0ms
174 timing idealTree:node_modules/path-key Completed in 0ms
175 silly placeDep ROOT kleur@3.0.3 OK for: prompts@2.4.2 want: ^3.0.3
176 silly placeDep ROOT sisteransi@1.0.5 OK for: prompts@2.4.2 want: ^1.0.5
177 timing idealTree:node_modules/prompts Completed in 5ms
178 timing idealTree:node_modules/kleur Completed in 0ms
179 silly placeDep ROOT core-util-is@1.0.3 OK for: readable-stream@1.1.14 want: ~1.0.0
180 silly placeDep ROOT inherits@2.0.4 OK for: readable-stream@1.1.14 want: ~2.0.1
181 silly placeDep ROOT isarray@0.0.1 OK for: readable-stream@1.1.14 want: 0.0.1
182 silly placeDep ROOT string_decoder@0.10.31 OK for: readable-stream@1.1.14 want: ~0.10.x
183 timing idealTree:node_modules/readable-stream Completed in 13ms
184 timing idealTree:node_modules/core-util-is Completed in 0ms
185 timing idealTree:node_modules/inherits Completed in 0ms
186 timing idealTree:node_modules/isarray Completed in 1ms
187 silly placeDep ROOT lru-cache@6.0.0 OK for: semver@7.5.1 want: ^6.0.0
188 silly fetch manifest yallist@^4.0.0
189 http fetch GET 200 https://registry.npmjs.org/yallist 59ms (cache miss)
190 timing idealTree:node_modules/semver Completed in 61ms
191 silly placeDep ROOT yallist@4.0.0 OK for: lru-cache@6.0.0 want: ^4.0.0
192 timing idealTree:node_modules/lru-cache Completed in 1ms
193 silly placeDep ROOT shebang-regex@3.0.0 OK for: shebang-command@2.0.0 want: ^3.0.0
194 timing idealTree:node_modules/shebang-command Completed in 0ms
195 timing idealTree:node_modules/shebang-regex Completed in 0ms
196 timing idealTree:node_modules/sisteransi Completed in 0ms
197 timing idealTree:node_modules/string_decoder Completed in 0ms
198 silly placeDep ROOT has-flag@4.0.0 OK for: supports-color@7.2.0 want: ^4.0.0
199 timing idealTree:node_modules/supports-color Completed in 1ms
200 timing idealTree:node_modules/has-flag Completed in 0ms
201 silly placeDep ROOT debug@2.6.9 OK for: tar-pack@3.4.1 want: ^2.2.0
202 silly placeDep ROOT fstream@1.0.12 OK for: tar-pack@3.4.1 want: ^1.0.10
203 silly placeDep ROOT fstream-ignore@1.0.5 OK for: tar-pack@3.4.1 want: ^1.0.5
204 silly placeDep ROOT once@1.4.0 OK for: tar-pack@3.4.1 want: ^1.3.3
205 silly placeDep node_modules/tar-pack readable-stream@2.3.8 OK for: tar-pack@3.4.1 want: ^2.1.4
206 silly placeDep ROOT rimraf@2.7.1 OK for: tar-pack@3.4.1 want: ^2.5.1
207 silly placeDep ROOT tar@2.2.2 OK for: tar-pack@3.4.1 want: ^2.2.1
208 silly placeDep ROOT uid-number@0.0.6 OK for: tar-pack@3.4.1 want: ^0.0.6
209 silly fetch manifest ms@2.0.0
210 silly fetch manifest mkdirp@>=0.5 0
211 silly fetch manifest minimatch@^3.0.0
212 silly fetch manifest wrappy@1
213 silly fetch manifest isarray@~1.0.0
214 silly fetch manifest process-nextick-args@~2.0.0
215 silly fetch manifest safe-buffer@~5.1.1
216 silly fetch manifest string_decoder@~1.1.1
217 silly fetch manifest util-deprecate@~1.0.1
218 silly fetch manifest glob@^7.1.3
219 silly fetch manifest block-stream@*
220 http fetch GET 200 https://registry.npmjs.org/util-deprecate 67ms (cache miss)
221 http fetch GET 200 https://registry.npmjs.org/ms 71ms (cache miss)
222 http fetch GET 200 https://registry.npmjs.org/process-nextick-args 69ms (cache miss)
223 http fetch GET 200 https://registry.npmjs.org/wrappy 71ms (cache miss)
224 http fetch GET 200 https://registry.npmjs.org/mkdirp 71ms (cache miss)
225 http fetch GET 200 https://registry.npmjs.org/minimatch 83ms (cache miss)
226 http fetch GET 200 https://registry.npmjs.org/safe-buffer 220ms (cache miss)
227 http fetch GET 200 https://registry.npmjs.org/block-stream 693ms (cache miss)
228 http fetch GET 200 https://registry.npmjs.org/glob 727ms (cache miss)
229 timing idealTree:node_modules/tar-pack Completed in 742ms
230 silly placeDep ROOT ms@2.0.0 OK for: debug@2.6.9 want: 2.0.0
231 timing idealTree:node_modules/debug Completed in 2ms
232 silly placeDep ROOT mkdirp@0.5.6 OK for: fstream@1.0.12 want: >=0.5 0
233 silly fetch manifest minimist@^1.2.6
234 http fetch GET 200 https://registry.npmjs.org/minimist 61ms (cache miss)
235 timing idealTree:node_modules/fstream Completed in 65ms
236 silly placeDep ROOT minimatch@3.1.2 OK for: fstream-ignore@1.0.5 want: ^3.0.0
237 silly fetch manifest brace-expansion@^1.1.7
238 http fetch GET 200 https://registry.npmjs.org/brace-expansion 73ms (cache miss)
239 timing idealTree:node_modules/fstream-ignore Completed in 75ms
240 silly placeDep ROOT brace-expansion@1.1.11 OK for: minimatch@3.1.2 want: ^1.1.7
241 silly fetch manifest balanced-match@^1.0.0
242 silly fetch manifest concat-map@0.0.1
243 http fetch GET 200 https://registry.npmjs.org/balanced-match 62ms (cache miss)
244 http fetch GET 200 https://registry.npmjs.org/concat-map 62ms (cache miss)
245 timing idealTree:node_modules/minimatch Completed in 68ms
246 silly placeDep ROOT balanced-match@1.0.2 OK for: brace-expansion@1.1.11 want: ^1.0.0
247 silly placeDep ROOT concat-map@0.0.1 OK for: brace-expansion@1.1.11 want: 0.0.1
248 timing idealTree:node_modules/brace-expansion Completed in 4ms
249 timing idealTree:node_modules/balanced-match Completed in 0ms
250 timing idealTree:node_modules/concat-map Completed in 0ms
251 silly placeDep ROOT minimist@1.2.8 OK for: mkdirp@0.5.6 want: ^1.2.6
252 timing idealTree:node_modules/mkdirp Completed in 2ms
253 timing idealTree:node_modules/minimist Completed in 0ms
254 timing idealTree:node_modules/ms Completed in 0ms
255 silly placeDep ROOT wrappy@1.0.2 OK for: once@1.4.0 want: 1
256 timing idealTree:node_modules/once Completed in 2ms
257 silly placeDep ROOT glob@7.2.3 OK for: rimraf@2.7.1 want: ^7.1.3
258 silly fetch manifest fs.realpath@^1.0.0
259 silly fetch manifest inflight@^1.0.4
260 silly fetch manifest path-is-absolute@^1.0.0
261 http fetch GET 200 https://registry.npmjs.org/fs.realpath 53ms (cache miss)
262 http fetch GET 200 https://registry.npmjs.org/path-is-absolute 58ms (cache miss)
263 http fetch GET 200 https://registry.npmjs.org/inflight 785ms (cache miss)
264 timing idealTree:node_modules/rimraf Completed in 788ms
265 silly placeDep ROOT fs.realpath@1.0.0 OK for: glob@7.2.3 want: ^1.0.0
266 silly placeDep ROOT inflight@1.0.6 OK for: glob@7.2.3 want: ^1.0.4
267 silly placeDep ROOT path-is-absolute@1.0.1 OK for: glob@7.2.3 want: ^1.0.0
268 timing idealTree:node_modules/glob Completed in 5ms
269 timing idealTree:node_modules/fs.realpath Completed in 0ms
270 timing idealTree:node_modules/inflight Completed in 0ms
271 timing idealTree:node_modules/path-is-absolute Completed in 0ms
272 silly placeDep ROOT block-stream@0.0.9 OK for: tar@2.2.2 want: *
273 timing idealTree:node_modules/tar Completed in 1ms
274 timing idealTree:node_modules/block-stream Completed in 0ms
275 silly placeDep node_modules/through2 readable-stream@1.0.34 OK for: through2@0.6.5 want: >=1.0.33-1 <1.1.0-0
276 silly placeDep ROOT xtend@4.0.2 OK for: through2@0.6.5 want: >=4.0.0 <4.1.0-0
277 timing idealTree:node_modules/through2 Completed in 1ms
278 silly placeDep node_modules/tmp rimraf@3.0.2 OK for: tmp@0.2.1 want: ^3.0.0
279 timing idealTree:node_modules/tmp Completed in 1ms
280 timing idealTree:node_modules/uid-number Completed in 0ms
281 timing idealTree:node_modules/universalify Completed in 0ms
282 silly placeDep ROOT builtins@1.0.3 OK for: validate-npm-package-name@3.0.0 want: ^1.0.3
283 timing idealTree:node_modules/validate-npm-package-name Completed in 0ms
284 timing idealTree:node_modules/builtins Completed in 0ms
285 silly placeDep ROOT isexe@2.0.0 OK for: which@2.0.2 want: ^2.0.0
286 timing idealTree:node_modules/which Completed in 1ms
287 timing idealTree:node_modules/isexe Completed in 0ms
288 timing idealTree:node_modules/wrappy Completed in 0ms
289 timing idealTree:node_modules/xtend Completed in 0ms
290 timing idealTree:node_modules/yallist Completed in 0ms
291 silly placeDep node_modules/tar-pack isarray@1.0.0 OK for: readable-stream@2.3.8 want: ~1.0.0
292 silly placeDep ROOT process-nextick-args@2.0.1 OK for: readable-stream@2.3.8 want: ~2.0.0
293 silly placeDep ROOT safe-buffer@5.1.2 OK for: readable-stream@2.3.8 want: ~5.1.1
294 silly placeDep node_modules/tar-pack string_decoder@1.1.1 OK for: readable-stream@2.3.8 want: ~1.1.1
295 silly placeDep ROOT util-deprecate@1.0.2 OK for: readable-stream@2.3.8 want: ~1.0.1
296 timing idealTree:node_modules/tar-pack/node_modules/readable-stream Completed in 7ms
297 timing idealTree:node_modules/process-nextick-args Completed in 0ms
298 timing idealTree:node_modules/safe-buffer Completed in 0ms
299 timing idealTree:node_modules/util-deprecate Completed in 0ms
300 timing idealTree:node_modules/tar-pack/node_modules/isarray Completed in 0ms
301 timing idealTree:node_modules/tar-pack/node_modules/string_decoder Completed in 0ms
302 timing idealTree:node_modules/through2/node_modules/readable-stream Completed in 0ms
303 timing idealTree:node_modules/tmp/node_modules/rimraf Completed in 0ms
304 timing idealTree:buildDeps Completed in 5114ms
305 timing idealTree:fixDepFlags Completed in 4ms
306 timing idealTree Completed in 5131ms
307 timing reify:loadTrees Completed in 5132ms
308 timing reify:diffTrees Completed in 1ms
309 silly reify moves {}
310 timing reify:retireShallow Completed in 4ms
311 timing reify:createSparse Completed in 3ms
312 timing reify:loadBundles Completed in 0ms
313 silly audit bulk request {
313 silly audit   'create-react-app': [ '5.0.1' ],
313 silly audit   chalk: [ '4.1.2' ],
313 silly audit   commander: [ '4.1.1' ],
313 silly audit   'cross-spawn': [ '7.0.3' ],
313 silly audit   envinfo: [ '7.8.1' ],
313 silly audit   'fs-extra': [ '10.1.0' ],
313 silly audit   hyperquest: [ '2.1.3' ],
313 silly audit   prompts: [ '2.4.2' ],
313 silly audit   semver: [ '7.5.1' ],
313 silly audit   'tar-pack': [ '3.4.1' ],
313 silly audit   tmp: [ '0.2.1' ],
313 silly audit   'validate-npm-package-name': [ '3.0.0' ],
313 silly audit   'ansi-styles': [ '4.3.0' ],
313 silly audit   'supports-color': [ '7.2.0' ],
313 silly audit   'color-convert': [ '2.0.1' ],
313 silly audit   'color-name': [ '1.1.4' ],
313 silly audit   'path-key': [ '3.1.1' ],
313 silly audit   'shebang-command': [ '2.0.0' ],
313 silly audit   which: [ '2.0.2' ],
313 silly audit   'graceful-fs': [ '4.2.11' ],
313 silly audit   jsonfile: [ '6.1.0' ],
313 silly audit   universalify: [ '2.0.0' ],
313 silly audit   'buffer-from': [ '0.1.2' ],
313 silly audit   duplexer2: [ '0.0.2' ],
313 silly audit   through2: [ '0.6.5' ],
313 silly audit   'readable-stream': [ '1.1.14', '2.3.8', '1.0.34' ],
313 silly audit   kleur: [ '3.0.3' ],
313 silly audit   sisteransi: [ '1.0.5' ],
313 silly audit   'core-util-is': [ '1.0.3' ],
313 silly audit   inherits: [ '2.0.4' ],
313 silly audit   isarray: [ '0.0.1', '1.0.0' ],
313 silly audit   string_decoder: [ '0.10.31', '1.1.1' ],
313 silly audit   'lru-cache': [ '6.0.0' ],
313 silly audit   yallist: [ '4.0.0' ],
313 silly audit   'shebang-regex': [ '3.0.0' ],
313 silly audit   'has-flag': [ '4.0.0' ],
313 silly audit   debug: [ '2.6.9' ],
313 silly audit   fstream: [ '1.0.12' ],
313 silly audit   'fstream-ignore': [ '1.0.5' ],
313 silly audit   once: [ '1.4.0' ],
313 silly audit   rimraf: [ '2.7.1', '3.0.2' ],
313 silly audit   tar: [ '2.2.2' ],
313 silly audit   'uid-number': [ '0.0.6' ],
313 silly audit   ms: [ '2.0.0' ],
313 silly audit   mkdirp: [ '0.5.6' ],
313 silly audit   minimatch: [ '3.1.2' ],
313 silly audit   'brace-expansion': [ '1.1.11' ],
313 silly audit   'balanced-match': [ '1.0.2' ],
313 silly audit   'concat-map': [ '0.0.1' ],
313 silly audit   minimist: [ '1.2.8' ],
313 silly audit   wrappy: [ '1.0.2' ],
313 silly audit   glob: [ '7.2.3' ],
313 silly audit   'fs.realpath': [ '1.0.0' ],
313 silly audit   inflight: [ '1.0.6' ],
313 silly audit   'path-is-absolute': [ '1.0.1' ],
313 silly audit   'block-stream': [ '0.0.9' ],
313 silly audit   xtend: [ '4.0.2' ],
313 silly audit   builtins: [ '1.0.3' ],
313 silly audit   isexe: [ '2.0.0' ],
313 silly audit   'process-nextick-args': [ '2.0.1' ],
313 silly audit   'safe-buffer': [ '5.1.2' ],
313 silly audit   'util-deprecate': [ '1.0.2' ]
313 silly audit }
314 silly tarball no local data for process-nextick-args@https://registry.npmjs.org/process-nextick-args/-/process-nextick-args-2.0.1.tgz. Extracting by manifest.
315 silly tarball no local data for util-deprecate@https://registry.npmjs.org/util-deprecate/-/util-deprecate-1.0.2.tgz. Extracting by manifest.
316 silly tarball no local data for isexe@https://registry.npmjs.org/isexe/-/isexe-2.0.0.tgz. Extracting by manifest.
317 silly tarball no local data for safe-buffer@https://registry.npmjs.org/safe-buffer/-/safe-buffer-5.1.2.tgz. Extracting by manifest.
318 silly tarball no local data for builtins@https://registry.npmjs.org/builtins/-/builtins-1.0.3.tgz. Extracting by manifest.
319 silly tarball no local data for xtend@https://registry.npmjs.org/xtend/-/xtend-4.0.2.tgz. Extracting by manifest.
320 silly tarball no local data for block-stream@https://registry.npmjs.org/block-stream/-/block-stream-0.0.9.tgz. Extracting by manifest.
321 silly tarball no local data for path-is-absolute@https://registry.npmjs.org/path-is-absolute/-/path-is-absolute-1.0.1.tgz. Extracting by manifest.
322 silly tarball no local data for inflight@https://registry.npmjs.org/inflight/-/inflight-1.0.6.tgz. Extracting by manifest.
323 silly tarball no local data for fs.realpath@https://registry.npmjs.org/fs.realpath/-/fs.realpath-1.0.0.tgz. Extracting by manifest.
324 silly tarball no local data for glob@https://registry.npmjs.org/glob/-/glob-7.2.3.tgz. Extracting by manifest.
325 silly tarball no local data for wrappy@https://registry.npmjs.org/wrappy/-/wrappy-1.0.2.tgz. Extracting by manifest.
326 silly tarball no local data for minimist@https://registry.npmjs.org/minimist/-/minimist-1.2.8.tgz. Extracting by manifest.
327 silly tarball no local data for concat-map@https://registry.npmjs.org/concat-map/-/concat-map-0.0.1.tgz. Extracting by manifest.
328 silly tarball no local data for balanced-match@https://registry.npmjs.org/balanced-match/-/balanced-match-1.0.2.tgz. Extracting by manifest.
329 silly tarball no local data for brace-expansion@https://registry.npmjs.org/brace-expansion/-/brace-expansion-1.1.11.tgz. Extracting by manifest.
330 silly tarball no local data for minimatch@https://registry.npmjs.org/minimatch/-/minimatch-3.1.2.tgz. Extracting by manifest.
331 silly tarball no local data for mkdirp@https://registry.npmjs.org/mkdirp/-/mkdirp-0.5.6.tgz. Extracting by manifest.
332 silly tarball no local data for ms@https://registry.npmjs.org/ms/-/ms-2.0.0.tgz. Extracting by manifest.
333 silly tarball no local data for uid-number@https://registry.npmjs.org/uid-number/-/uid-number-0.0.6.tgz. Extracting by manifest.
334 silly tarball no local data for tar@https://registry.npmjs.org/tar/-/tar-2.2.2.tgz. Extracting by manifest.
335 silly tarball no local data for rimraf@https://registry.npmjs.org/rimraf/-/rimraf-2.7.1.tgz. Extracting by manifest.
336 silly tarball no local data for once@https://registry.npmjs.org/once/-/once-1.4.0.tgz. Extracting by manifest.
337 silly tarball no local data for fstream-ignore@https://registry.npmjs.org/fstream-ignore/-/fstream-ignore-1.0.5.tgz. Extracting by manifest.
338 silly tarball no local data for fstream@https://registry.npmjs.org/fstream/-/fstream-1.0.12.tgz. Extracting by manifest.
339 silly tarball no local data for debug@https://registry.npmjs.org/debug/-/debug-2.6.9.tgz. Extracting by manifest.
340 silly tarball no local data for has-flag@https://registry.npmjs.org/has-flag/-/has-flag-4.0.0.tgz. Extracting by manifest.
341 silly tarball no local data for yallist@https://registry.npmjs.org/yallist/-/yallist-4.0.0.tgz. Extracting by manifest.
342 silly tarball no local data for shebang-regex@https://registry.npmjs.org/shebang-regex/-/shebang-regex-3.0.0.tgz. Extracting by manifest.
343 silly tarball no local data for lru-cache@https://registry.npmjs.org/lru-cache/-/lru-cache-6.0.0.tgz. Extracting by manifest.
344 silly tarball no local data for string_decoder@https://registry.npmjs.org/string_decoder/-/string_decoder-0.10.31.tgz. Extracting by manifest.
345 silly tarball no local data for isarray@https://registry.npmjs.org/isarray/-/isarray-0.0.1.tgz. Extracting by manifest.
346 silly tarball no local data for inherits@https://registry.npmjs.org/inherits/-/inherits-2.0.4.tgz. Extracting by manifest.
347 silly tarball no local data for core-util-is@https://registry.npmjs.org/core-util-is/-/core-util-is-1.0.3.tgz. Extracting by manifest.
348 silly tarball no local data for sisteransi@https://registry.npmjs.org/sisteransi/-/sisteransi-1.0.5.tgz. Extracting by manifest.
349 silly tarball no local data for kleur@https://registry.npmjs.org/kleur/-/kleur-3.0.3.tgz. Extracting by manifest.
350 silly tarball no local data for readable-stream@https://registry.npmjs.org/readable-stream/-/readable-stream-1.1.14.tgz. Extracting by manifest.
351 silly tarball no local data for through2@https://registry.npmjs.org/through2/-/through2-0.6.5.tgz. Extracting by manifest.
352 silly tarball no local data for duplexer2@https://registry.npmjs.org/duplexer2/-/duplexer2-0.0.2.tgz. Extracting by manifest.
353 silly tarball no local data for buffer-from@https://registry.npmjs.org/buffer-from/-/buffer-from-0.1.2.tgz. Extracting by manifest.
354 silly tarball no local data for universalify@https://registry.npmjs.org/universalify/-/universalify-2.0.0.tgz. Extracting by manifest.
355 silly tarball no local data for jsonfile@https://registry.npmjs.org/jsonfile/-/jsonfile-6.1.0.tgz. Extracting by manifest.
356 silly tarball no local data for graceful-fs@https://registry.npmjs.org/graceful-fs/-/graceful-fs-4.2.11.tgz. Extracting by manifest.
357 silly tarball no local data for which@https://registry.npmjs.org/which/-/which-2.0.2.tgz. Extracting by manifest.
358 silly tarball no local data for shebang-command@https://registry.npmjs.org/shebang-command/-/shebang-command-2.0.0.tgz. Extracting by manifest.
359 silly tarball no local data for path-key@https://registry.npmjs.org/path-key/-/path-key-3.1.1.tgz. Extracting by manifest.
360 silly tarball no local data for color-name@https://registry.npmjs.org/color-name/-/color-name-1.1.4.tgz. Extracting by manifest.
361 silly tarball no local data for color-convert@https://registry.npmjs.org/color-convert/-/color-convert-2.0.1.tgz. Extracting by manifest.
362 silly tarball no local data for supports-color@https://registry.npmjs.org/supports-color/-/supports-color-7.2.0.tgz. Extracting by manifest.
363 silly tarball no local data for ansi-styles@https://registry.npmjs.org/ansi-styles/-/ansi-styles-4.3.0.tgz. Extracting by manifest.
364 silly tarball no local data for validate-npm-package-name@https://registry.npmjs.org/validate-npm-package-name/-/validate-npm-package-name-3.0.0.tgz. Extracting by manifest.
365 silly tarball no local data for tmp@https://registry.npmjs.org/tmp/-/tmp-0.2.1.tgz. Extracting by manifest.
366 silly tarball no local data for tar-pack@https://registry.npmjs.org/tar-pack/-/tar-pack-3.4.1.tgz. Extracting by manifest.
367 silly tarball no local data for semver@https://registry.npmjs.org/semver/-/semver-7.5.1.tgz. Extracting by manifest.
368 silly tarball no local data for prompts@https://registry.npmjs.org/prompts/-/prompts-2.4.2.tgz. Extracting by manifest.
369 silly tarball no local data for hyperquest@https://registry.npmjs.org/hyperquest/-/hyperquest-2.1.3.tgz. Extracting by manifest.
370 silly tarball no local data for fs-extra@https://registry.npmjs.org/fs-extra/-/fs-extra-10.1.0.tgz. Extracting by manifest.
371 silly tarball no local data for envinfo@https://registry.npmjs.org/envinfo/-/envinfo-7.8.1.tgz. Extracting by manifest.
372 silly tarball no local data for cross-spawn@https://registry.npmjs.org/cross-spawn/-/cross-spawn-7.0.3.tgz. Extracting by manifest.
373 silly tarball no local data for commander@https://registry.npmjs.org/commander/-/commander-4.1.1.tgz. Extracting by manifest.
374 silly tarball no local data for chalk@https://registry.npmjs.org/chalk/-/chalk-4.1.2.tgz. Extracting by manifest.
375 silly tarball no local data for create-react-app@https://registry.npmjs.org/create-react-app/-/create-react-app-5.0.1.tgz. Extracting by manifest.
376 silly tarball no local data for readable-stream@https://registry.npmjs.org/readable-stream/-/readable-stream-1.0.34.tgz. Extracting by manifest.
377 silly tarball no local data for rimraf@https://registry.npmjs.org/rimraf/-/rimraf-3.0.2.tgz. Extracting by manifest.
378 silly tarball no local data for string_decoder@https://registry.npmjs.org/string_decoder/-/string_decoder-1.1.1.tgz. Extracting by manifest.
379 silly tarball no local data for isarray@https://registry.npmjs.org/isarray/-/isarray-1.0.0.tgz. Extracting by manifest.
380 silly tarball no local data for readable-stream@https://registry.npmjs.org/readable-stream/-/readable-stream-2.3.8.tgz. Extracting by manifest.
381 http fetch GET 200 https://registry.npmjs.org/builtins/-/builtins-1.0.3.tgz 142ms (cache miss)
382 timing reifyNode:node_modules/builtins Completed in 170ms
383 http fetch GET 200 https://registry.npmjs.org/process-nextick-args/-/process-nextick-args-2.0.1.tgz 145ms (cache miss)
384 timing reifyNode:node_modules/process-nextick-args Completed in 171ms
385 http fetch GET 200 https://registry.npmjs.org/xtend/-/xtend-4.0.2.tgz 143ms (cache miss)
386 timing reifyNode:node_modules/xtend Completed in 171ms
387 http fetch GET 200 https://registry.npmjs.org/isexe/-/isexe-2.0.0.tgz 144ms (cache miss)
388 timing reifyNode:node_modules/isexe Completed in 171ms
389 http fetch GET 200 https://registry.npmjs.org/path-is-absolute/-/path-is-absolute-1.0.1.tgz 143ms (cache miss)
390 timing reifyNode:node_modules/path-is-absolute Completed in 172ms
391 http fetch GET 200 https://registry.npmjs.org/util-deprecate/-/util-deprecate-1.0.2.tgz 145ms (cache miss)
392 timing reifyNode:node_modules/util-deprecate Completed in 172ms
393 http fetch GET 200 https://registry.npmjs.org/safe-buffer/-/safe-buffer-5.1.2.tgz 145ms (cache miss)
394 timing reifyNode:node_modules/safe-buffer Completed in 172ms
395 http fetch GET 200 https://registry.npmjs.org/block-stream/-/block-stream-0.0.9.tgz 143ms (cache miss)
396 timing reifyNode:node_modules/block-stream Completed in 172ms
397 http fetch GET 200 https://registry.npmjs.org/fs.realpath/-/fs.realpath-1.0.0.tgz 143ms (cache miss)
398 timing reifyNode:node_modules/fs.realpath Completed in 173ms
399 http fetch GET 200 https://registry.npmjs.org/concat-map/-/concat-map-0.0.1.tgz 140ms (cache miss)
400 timing reifyNode:node_modules/concat-map Completed in 172ms
401 http fetch GET 200 https://registry.npmjs.org/inflight/-/inflight-1.0.6.tgz 143ms (cache miss)
402 timing reifyNode:node_modules/inflight Completed in 173ms
403 http fetch GET 200 https://registry.npmjs.org/wrappy/-/wrappy-1.0.2.tgz 140ms (cache miss)
404 timing reifyNode:node_modules/wrappy Completed in 174ms
405 http fetch GET 200 https://registry.npmjs.org/glob/-/glob-7.2.3.tgz 167ms (cache miss)
406 timing reifyNode:node_modules/glob Completed in 199ms
407 http fetch GET 200 https://registry.npmjs.org/balanced-match/-/balanced-match-1.0.2.tgz 165ms (cache miss)
408 timing reifyNode:node_modules/balanced-match Completed in 198ms
409 http fetch GET 200 https://registry.npmjs.org/brace-expansion/-/brace-expansion-1.1.11.tgz 177ms (cache miss)
410 timing reifyNode:node_modules/brace-expansion Completed in 210ms
411 http fetch GET 200 https://registry.npmjs.org/uid-number/-/uid-number-0.0.6.tgz 177ms (cache miss)
412 timing reifyNode:node_modules/uid-number Completed in 213ms
413 http fetch GET 200 https://registry.npmjs.org/ms/-/ms-2.0.0.tgz 177ms (cache miss)
414 timing reifyNode:node_modules/ms Completed in 213ms
415 http fetch GET 200 https://registry.npmjs.org/mkdirp/-/mkdirp-0.5.6.tgz 180ms (cache miss)
416 timing reifyNode:node_modules/mkdirp Completed in 214ms
417 http fetch GET 200 https://registry.npmjs.org/minimatch/-/minimatch-3.1.2.tgz 181ms (cache miss)
418 timing reifyNode:node_modules/minimatch Completed in 214ms
419 http fetch POST 200 https://registry.npmjs.org/-/npm/v1/security/advisories/bulk 218ms
420 timing auditReport:getReport Completed in 220ms
421 silly audit report {
421 silly audit report   tar: [
421 silly audit report     {
421 silly audit report       id: 1089685,
421 silly audit report       url: 'https://github.com/advisories/GHSA-3jfq-g458-7qm9',
421 silly audit report       title: 'Arbitrary File Creation/Overwrite due to insufficient absolute path sanitization',
421 silly audit report       severity: 'high',
421 silly audit report       vulnerable_versions: '<3.2.2',
421 silly audit report       cwe: [Array],
421 silly audit report       cvss: [Object]
421 silly audit report     },
421 silly audit report     {
421 silly audit report       id: 1091314,
421 silly audit report       url: 'https://github.com/advisories/GHSA-r628-mhmh-qjhw',
421 silly audit report       title: 'Arbitrary File Creation/Overwrite via insufficient symlink protection due to directory cache poisoning',
421 silly audit report       severity: 'high',
421 silly audit report       vulnerable_versions: '<3.2.3',
421 silly audit report       cwe: [Array],
421 silly audit report       cvss: [Object]
421 silly audit report     },
421 silly audit report     {
421 silly audit report       id: 1091343,
421 silly audit report       url: 'https://github.com/advisories/GHSA-9r2w-394v-53qc',
421 silly audit report       title: 'Arbitrary File Creation/Overwrite via insufficient symlink protection due to directory cache poisoning using symbolic links',
421 silly audit report       severity: 'high',
421 silly audit report       vulnerable_versions: '<4.4.16',
421 silly audit report       cwe: [Array],
421 silly audit report       cvss: [Object]
421 silly audit report     },
421 silly audit report     {
421 silly audit report       id: 1091346,
421 silly audit report       url: 'https://github.com/advisories/GHSA-5955-9wpr-37jh',
421 silly audit report       title: 'Arbitrary File Creation/Overwrite on Windows via insufficient relative path sanitization',
421 silly audit report       severity: 'high',
421 silly audit report       vulnerable_versions: '<4.4.18',
421 silly audit report       cwe: [Array],
421 silly audit report       cvss: [Object]
421 silly audit report     },
421 silly audit report     {
421 silly audit report       id: 1091349,
421 silly audit report       url: 'https://github.com/advisories/GHSA-qq89-hq3f-393p',
421 silly audit report       title: 'Arbitrary File Creation/Overwrite via insufficient symlink protection due to directory cache poisoning using symbolic links',
421 silly audit report       severity: 'high',
421 silly audit report       vulnerable_versions: '<4.4.18',
421 silly audit report       cwe: [Array],
421 silly audit report       cvss: [Object]
421 silly audit report     }
421 silly audit report   ]
421 silly audit report }
422 timing metavuln:packument:tar Completed in 1ms
423 http fetch GET 200 https://registry.npmjs.org/minimist/-/minimist-1.2.8.tgz 188ms (cache miss)
424 timing metavuln:cache:get:security-advisory:tar:Oa066nJpV2ox85F6qnk1N5eWmAmoWAMU7byYhWk4oYfHYrQ8aGHfCKRikfcy0dHDcKWKiPRc7Nz7R9fxKkj0Yw== Completed in 3ms
425 timing metavuln:load:security-advisory:tar:1089685 Completed in 4ms
426 timing metavuln:cache:get:security-advisory:tar://v7gXY4srL0Vdj6ndv/W5RidNqQcJEzKPP7wzp8ldEeGt+rcrGXk7GHbv4gaxsVCuNoYWXEG3Q0o+8zvTa+bA== Completed in 7ms
427 timing metavuln:load:security-advisory:tar:1091314 Completed in 6ms
428 timing metavuln:cache:get:security-advisory:tar:6IrrInvFtCltpVhVG2VxuzkWZKyBFFz82q8vKUG6SlVafYLuCJzljuu4f8Lj65dXTwl03T5SLKe7fT6K17W2yg== Completed in 13ms
429 timing metavuln:load:security-advisory:tar:1091343 Completed in 3ms
430 timing metavuln:cache:get:security-advisory:tar:p0AhLehZPY5CdqjgwJhs5z5O0h0MqVniwTfTsAMaLNDQ/RkWBbPEEZS5yXBrO2vDkOIaucWVWkY+Xk5QvzhkDA== Completed in 16ms
431 timing metavuln:load:security-advisory:tar:1091346 Completed in 2ms
432 timing metavuln:cache:get:security-advisory:tar:Q7GtB8n8qG0Q4W1Y8edsLahMQOAttKMP59qaGm2RXUj6J21WdWTRHOy5iq0eTNZzuiuSk/N5h086YcMxghDk1A== Completed in 18ms
433 timing metavuln:load:security-advisory:tar:1091349 Completed in 4ms
434 timing reifyNode:node_modules/minimist Completed in 254ms
435 http fetch GET 200 https://registry.npmjs.org/once/-/once-1.4.0.tgz 245ms (cache miss)
436 timing reifyNode:node_modules/once Completed in 283ms
437 http fetch GET 200 https://registry.npmjs.org/rimraf/-/rimraf-2.7.1.tgz 246ms (cache miss)
438 timing reifyNode:node_modules/rimraf Completed in 283ms
439 http fetch GET 200 https://registry.npmjs.org/yallist/-/yallist-4.0.0.tgz 261ms (cache miss)
440 timing reifyNode:node_modules/yallist Completed in 301ms
441 http fetch GET 200 https://registry.npmjs.org/has-flag/-/has-flag-4.0.0.tgz 274ms (cache miss)
442 timing reifyNode:node_modules/has-flag Completed in 313ms
443 http fetch GET 200 https://registry.npmjs.org/fstream-ignore/-/fstream-ignore-1.0.5.tgz 289ms (cache miss)
444 timing reifyNode:node_modules/fstream-ignore Completed in 327ms
445 timing metavuln:cache:put:security-advisory:tar:6IrrInvFtCltpVhVG2VxuzkWZKyBFFz82q8vKUG6SlVafYLuCJzljuu4f8Lj65dXTwl03T5SLKe7fT6K17W2yg== Completed in 105ms
446 timing metavuln:calculate:security-advisory:tar:1091343 Completed in 121ms
447 timing metavuln:cache:put:security-advisory:tar:Oa066nJpV2ox85F6qnk1N5eWmAmoWAMU7byYhWk4oYfHYrQ8aGHfCKRikfcy0dHDcKWKiPRc7Nz7R9fxKkj0Yw== Completed in 124ms
448 timing metavuln:calculate:security-advisory:tar:1089685 Completed in 131ms
449 timing metavuln:cache:put:security-advisory:tar:p0AhLehZPY5CdqjgwJhs5z5O0h0MqVniwTfTsAMaLNDQ/RkWBbPEEZS5yXBrO2vDkOIaucWVWkY+Xk5QvzhkDA== Completed in 112ms
450 timing metavuln:calculate:security-advisory:tar:1091346 Completed in 130ms
451 timing metavuln:cache:put:security-advisory:tar://v7gXY4srL0Vdj6ndv/W5RidNqQcJEzKPP7wzp8ldEeGt+rcrGXk7GHbv4gaxsVCuNoYWXEG3Q0o+8zvTa+bA== Completed in 117ms
452 timing metavuln:calculate:security-advisory:tar:1091314 Completed in 130ms
453 http fetch GET 200 https://registry.npmjs.org/inherits/-/inherits-2.0.4.tgz 307ms (cache miss)
454 timing reifyNode:node_modules/inherits Completed in 350ms
455 http fetch GET 200 https://registry.npmjs.org/string_decoder/-/string_decoder-0.10.31.tgz 309ms (cache miss)
456 timing reifyNode:node_modules/string_decoder Completed in 350ms
457 http fetch GET 200 https://registry.npmjs.org/shebang-regex/-/shebang-regex-3.0.0.tgz 311ms (cache miss)
458 timing reifyNode:node_modules/shebang-regex Completed in 352ms
459 http fetch GET 200 https://registry.npmjs.org/lru-cache/-/lru-cache-6.0.0.tgz 311ms (cache miss)
460 timing reifyNode:node_modules/lru-cache Completed in 352ms
461 http fetch GET 200 https://registry.npmjs.org/kleur/-/kleur-3.0.3.tgz 307ms (cache miss)
462 timing reifyNode:node_modules/kleur Completed in 353ms
463 timing metavuln:cache:put:security-advisory:tar:Q7GtB8n8qG0Q4W1Y8edsLahMQOAttKMP59qaGm2RXUj6J21WdWTRHOy5iq0eTNZzuiuSk/N5h086YcMxghDk1A== Completed in 120ms
464 timing metavuln:calculate:security-advisory:tar:1091349 Completed in 142ms
465 timing metavuln:packument:tar-pack Completed in 1ms
466 http fetch GET 200 https://registry.npmjs.org/isarray/-/isarray-0.0.1.tgz 319ms (cache miss)
467 timing reifyNode:node_modules/isarray Completed in 362ms
468 http fetch GET 200 https://registry.npmjs.org/core-util-is/-/core-util-is-1.0.3.tgz 319ms (cache miss)
469 timing reifyNode:node_modules/core-util-is Completed in 362ms
470 timing metavuln:cache:get:security-advisory:tar-pack:3KXljJwoAr/NHejfU6kg41RmjF3Pg6M28t7ViuMjk5SYV3kYL9qyGZ417dIFb1Y8K+hhpo0sBWpskxrKhsZQzQ== Completed in 9ms
471 timing metavuln:load:security-advisory:tar-pack:Oa066nJpV2ox85F6qnk1N5eWmAmoWAMU7byYhWk4oYfHYrQ8aGHfCKRikfcy0dHDcKWKiPRc7Nz7R9fxKkj0Yw== Completed in 5ms
472 http fetch GET 200 https://registry.npmjs.org/jsonfile/-/jsonfile-6.1.0.tgz 327ms (cache miss)
473 timing reifyNode:node_modules/jsonfile Completed in 376ms
474 http fetch GET 200 https://registry.npmjs.org/duplexer2/-/duplexer2-0.0.2.tgz 332ms (cache miss)
475 timing reifyNode:node_modules/duplexer2 Completed in 380ms
476 http fetch GET 200 https://registry.npmjs.org/sisteransi/-/sisteransi-1.0.5.tgz 336ms (cache miss)
477 timing reifyNode:node_modules/sisteransi Completed in 380ms
478 http fetch GET 200 https://registry.npmjs.org/buffer-from/-/buffer-from-0.1.2.tgz 333ms (cache miss)
479 timing reifyNode:node_modules/buffer-from Completed in 381ms
480 http fetch GET 200 https://registry.npmjs.org/shebang-command/-/shebang-command-2.0.0.tgz 331ms (cache miss)
481 timing reifyNode:node_modules/shebang-command Completed in 381ms
482 http fetch GET 200 https://registry.npmjs.org/through2/-/through2-0.6.5.tgz 340ms (cache miss)
483 timing reifyNode:node_modules/through2 Completed in 387ms
484 http fetch GET 200 https://registry.npmjs.org/universalify/-/universalify-2.0.0.tgz 338ms (cache miss)
485 timing reifyNode:node_modules/universalify Completed in 387ms
486 http fetch GET 200 https://registry.npmjs.org/color-name/-/color-name-1.1.4.tgz 339ms (cache miss)
487 timing reifyNode:node_modules/color-name Completed in 389ms
488 http fetch GET 200 https://registry.npmjs.org/graceful-fs/-/graceful-fs-4.2.11.tgz 345ms (cache miss)
489 timing reifyNode:node_modules/graceful-fs Completed in 394ms
490 http fetch GET 200 https://registry.npmjs.org/which/-/which-2.0.2.tgz 344ms (cache miss)
491 timing reifyNode:node_modules/which Completed in 394ms
492 http fetch GET 200 https://registry.npmjs.org/supports-color/-/supports-color-7.2.0.tgz 341ms (cache miss)
493 timing reifyNode:node_modules/supports-color Completed in 392ms
494 http fetch GET 200 https://registry.npmjs.org/color-convert/-/color-convert-2.0.1.tgz 343ms (cache miss)
495 timing reifyNode:node_modules/color-convert Completed in 394ms
496 http fetch GET 200 https://registry.npmjs.org/path-key/-/path-key-3.1.1.tgz 348ms (cache miss)
497 timing reifyNode:node_modules/path-key Completed in 398ms
498 http fetch GET 200 https://registry.npmjs.org/tmp/-/tmp-0.2.1.tgz 347ms (cache miss)
499 http fetch GET 200 https://registry.npmjs.org/tar-pack/-/tar-pack-3.4.1.tgz 346ms (cache miss)
500 http fetch GET 200 https://registry.npmjs.org/validate-npm-package-name/-/validate-npm-package-name-3.0.0.tgz 352ms (cache miss)
501 timing reifyNode:node_modules/tmp Completed in 404ms
502 timing reifyNode:node_modules/validate-npm-package-name Completed in 406ms
503 http fetch GET 200 https://registry.npmjs.org/ansi-styles/-/ansi-styles-4.3.0.tgz 356ms (cache miss)
504 timing reifyNode:node_modules/ansi-styles Completed in 407ms
505 http fetch GET 200 https://registry.npmjs.org/readable-stream/-/readable-stream-1.1.14.tgz 364ms (cache miss)
506 http fetch GET 200 https://registry.npmjs.org/cross-spawn/-/cross-spawn-7.0.3.tgz 342ms (cache miss)
507 timing reifyNode:node_modules/cross-spawn Completed in 411ms
508 http fetch GET 200 https://registry.npmjs.org/string_decoder/-/string_decoder-1.1.1.tgz 339ms (cache miss)
509 timing reifyNode:node_modules/tar-pack/node_modules/string_decoder Completed in 411ms
510 http fetch GET 200 https://registry.npmjs.org/readable-stream/-/readable-stream-1.0.34.tgz 341ms (cache miss)
511 timing reifyNode:node_modules/readable-stream Completed in 414ms
512 http fetch GET 200 https://registry.npmjs.org/isarray/-/isarray-1.0.0.tgz 341ms (cache miss)
513 timing reifyNode:node_modules/tar-pack/node_modules/isarray Completed in 413ms
514 http fetch GET 200 https://registry.npmjs.org/create-react-app/-/create-react-app-5.0.1.tgz 344ms (cache miss)
515 timing reifyNode:node_modules/create-react-app Completed in 414ms
516 http fetch GET 200 https://registry.npmjs.org/debug/-/debug-2.6.9.tgz 380ms (cache miss)
517 timing reifyNode:node_modules/debug Completed in 418ms
518 http fetch GET 200 https://registry.npmjs.org/hyperquest/-/hyperquest-2.1.3.tgz 350ms (cache miss)
519 http fetch GET 200 https://registry.npmjs.org/chalk/-/chalk-4.1.2.tgz 348ms (cache miss)
520 timing reifyNode:node_modules/chalk Completed in 417ms
521 http fetch GET 200 https://registry.npmjs.org/fstream/-/fstream-1.0.12.tgz 381ms (cache miss)
522 timing reifyNode:node_modules/fstream Completed in 419ms
523 timing metavuln:cache:put:security-advisory:tar-pack:3KXljJwoAr/NHejfU6kg41RmjF3Pg6M28t7ViuMjk5SYV3kYL9qyGZ417dIFb1Y8K+hhpo0sBWpskxrKhsZQzQ== Completed in 44ms
524 timing metavuln:calculate:security-advisory:tar-pack:Oa066nJpV2ox85F6qnk1N5eWmAmoWAMU7byYhWk4oYfHYrQ8aGHfCKRikfcy0dHDcKWKiPRc7Nz7R9fxKkj0Yw== Completed in 58ms
525 timing metavuln:packument:create-react-app Completed in 0ms
526 timing metavuln:cache:get:security-advisory:create-react-app:BAP5sjD/UipbJVBCija12WlnlurqvRCOfkHPDCK3St763W6JIxpLfRD1F9PMmW4GEaZmK6BFkh/Pye257xPpCw== Completed in 2ms
527 timing metavuln:load:security-advisory:create-react-app:3KXljJwoAr/NHejfU6kg41RmjF3Pg6M28t7ViuMjk5SYV3kYL9qyGZ417dIFb1Y8K+hhpo0sBWpskxrKhsZQzQ== Completed in 6ms
528 timing reifyNode:node_modules/tar-pack Completed in 428ms
529 timing reifyNode:node_modules/hyperquest Completed in 429ms
530 http fetch GET 200 https://registry.npmjs.org/rimraf/-/rimraf-3.0.2.tgz 360ms (cache miss)
531 timing reifyNode:node_modules/tmp/node_modules/rimraf Completed in 431ms
532 http fetch GET 200 https://registry.npmjs.org/commander/-/commander-4.1.1.tgz 365ms (cache miss)
533 timing reifyNode:node_modules/commander Completed in 433ms
534 timing reifyNode:node_modules/through2/node_modules/readable-stream Completed in 437ms
535 timing metavuln:cache:put:security-advisory:create-react-app:BAP5sjD/UipbJVBCija12WlnlurqvRCOfkHPDCK3St763W6JIxpLfRD1F9PMmW4GEaZmK6BFkh/Pye257xPpCw== Completed in 12ms
536 timing metavuln:calculate:security-advisory:create-react-app:3KXljJwoAr/NHejfU6kg41RmjF3Pg6M28t7ViuMjk5SYV3kYL9qyGZ417dIFb1Y8K+hhpo0sBWpskxrKhsZQzQ== Completed in 20ms
537 timing auditReport:init Completed in 231ms
538 timing reify:audit Completed in 453ms
539 http fetch GET 200 https://registry.npmjs.org/envinfo/-/envinfo-7.8.1.tgz 381ms (cache miss)
540 timing reifyNode:node_modules/envinfo Completed in 449ms
541 http fetch GET 200 https://registry.npmjs.org/readable-stream/-/readable-stream-2.3.8.tgz 377ms (cache miss)
542 timing reifyNode:node_modules/tar-pack/node_modules/readable-stream Completed in 451ms
543 http fetch GET 200 https://registry.npmjs.org/semver/-/semver-7.5.1.tgz 393ms (cache miss)
544 http fetch GET 200 https://registry.npmjs.org/fs-extra/-/fs-extra-10.1.0.tgz 391ms (cache miss)
545 timing reifyNode:node_modules/semver Completed in 458ms
546 timing reifyNode:node_modules/fs-extra Completed in 459ms
547 http fetch GET 200 https://registry.npmjs.org/prompts/-/prompts-2.4.2.tgz 404ms (cache miss)
548 timing reifyNode:node_modules/prompts Completed in 469ms
549 http fetch GET 200 https://registry.npmjs.org/tar/-/tar-2.2.2.tgz 444ms (cache miss)
550 warn deprecated tar@2.2.2: This version of tar is no longer supported, and will not receive security updates. Please upgrade asap.
551 timing reifyNode:node_modules/tar Completed in 491ms
552 timing reify:unpack Completed in 492ms
553 timing reify:unretire Completed in 0ms
554 timing build:queue Completed in 6ms
555 timing build:link:node_modules/create-react-app Completed in 2ms
556 timing build:link:node_modules/tmp/node_modules/rimraf Completed in 1ms
557 timing build:link:node_modules/envinfo Completed in 1ms
558 timing build:link:node_modules/mkdirp Completed in 1ms
559 timing build:link:node_modules/rimraf Completed in 1ms
560 timing build:link:node_modules/semver Completed in 1ms
561 timing build:link:node_modules/which Completed in 1ms
562 timing build:link Completed in 2ms
563 timing build:deps Completed in 9ms
564 timing build Completed in 9ms
565 timing reify:build Completed in 9ms
566 timing reify:trash Completed in 0ms
567 timing reify:save Completed in 10ms
568 timing reify Completed in 5667ms
569 timing command:exec Completed in 160358ms
570 verbose exit 0
571 timing npm Completed in 160379ms
572 info ok
