0 verbose cli /home/vagrant/.nvm/versions/node/v20.1.0/bin/node /home/vagrant/.nvm/versions/node/v20.1.0/bin/npm
1 info using npm@9.6.4
2 info using node@v20.1.0
3 timing npm:load:whichnode Completed in 4ms
4 timing config:load:defaults Completed in 2ms
5 timing config:load:file:/home/vagrant/.nvm/versions/node/v20.1.0/lib/node_modules/npm/npmrc Completed in 0ms
6 timing config:load:builtin Completed in 0ms
7 timing config:load:cli Completed in 1ms
8 timing config:load:env Completed in 1ms
9 timing config:load:file:/home/vagrant/hello/.npmrc Completed in 0ms
10 timing config:load:project Completed in 0ms
11 timing config:load:file:/home/vagrant/.npmrc Completed in 0ms
12 timing config:load:user Completed in 0ms
13 timing config:load:file:/home/vagrant/.nvm/versions/node/v20.1.0/etc/npmrc Completed in 0ms
14 timing config:load:global Completed in 1ms
15 timing config:load:setEnvs Completed in 0ms
16 timing config:load Completed in 5ms
17 timing npm:load:configload Completed in 5ms
18 timing npm:load:mkdirpcache Completed in 0ms
19 timing npm:load:mkdirplogs Completed in 0ms
20 verbose title npm install @testing-library/jest-dom@^5.14.1 @testing-library/react@^13.0.0 @testing-library/user-event@^13.2.1 web-vitals@^2.1.0
21 verbose argv "install" "--no-audit" "--save" "@testing-library/jest-dom@^5.14.1" "@testing-library/react@^13.0.0" "@testing-library/user-event@^13.2.1" "web-vitals@^2.1.0"
22 timing npm:load:setTitle Completed in 1ms
23 timing config:load:flatten Completed in 1ms
24 timing npm:load:display Completed in 2ms
25 verbose logfile logs-max:10 dir:/home/vagrant/.npm/_logs/2023-05-15T03_07_04_992Z-
26 verbose logfile /home/vagrant/.npm/_logs/2023-05-15T03_07_04_992Z-debug-0.log
27 timing npm:load:logFile Completed in 4ms
28 timing npm:load:timers Completed in 0ms
29 timing npm:load:configScope Completed in 0ms
30 timing npm:load Completed in 17ms
31 timing arborist:ctor Completed in 0ms
32 silly logfile done cleaning log files
33 timing idealTree:init Completed in 563ms
34 timing idealTree:userRequests Completed in 1ms
35 silly idealTree buildDeps
36 silly fetch manifest @testing-library/jest-dom@^5.14.1
37 timing arborist:ctor Completed in 0ms
38 http fetch GET 200 https://registry.npmjs.org/@testing-library%2fjest-dom 14728ms attempt #2 (cache miss)
39 silly fetch manifest @testing-library/react@^13.0.0
40 http fetch GET 200 https://registry.npmjs.org/@testing-library%2freact 128ms (cache miss)
41 silly fetch manifest react@^18.2.0
42 http fetch GET 200 https://registry.npmjs.org/react 12ms (cache hit)
43 silly fetch manifest react-dom@^18.2.0
44 http fetch GET 200 https://registry.npmjs.org/react-dom 10ms (cache hit)
45 silly fetch manifest @testing-library/user-event@^13.2.1
46 http fetch GET 200 https://registry.npmjs.org/@testing-library%2fuser-event 136ms (cache miss)
47 silly fetch manifest @testing-library/dom@>=7.21.4
48 http fetch GET 200 https://registry.npmjs.org/@testing-library%2fdom 1275ms (cache miss)
49 silly fetch manifest web-vitals@^2.1.0
50 http fetch GET 200 https://registry.npmjs.org/web-vitals 697ms (cache miss)
51 silly placeDep ROOT @testing-library/jest-dom@5.16.5 OK for: hello@0.1.0 want: ^5.14.1
52 silly placeDep ROOT @testing-library/react@13.4.0 OK for: hello@0.1.0 want: ^13.0.0
53 silly placeDep ROOT @testing-library/user-event@13.5.0 OK for: hello@0.1.0 want: ^13.2.1
54 silly placeDep ROOT @testing-library/dom@9.3.0 OK for: @testing-library/user-event@13.5.0 want: >=7.21.4
55 silly placeDep ROOT web-vitals@2.1.4 OK for: hello@0.1.0 want: ^2.1.0
56 silly fetch manifest @types/testing-library__jest-dom@^5.9.1
57 silly fetch manifest chalk@^3.0.0
58 silly fetch manifest @adobe/css-tools@^4.0.1
59 silly fetch manifest css.escape@^1.5.1
60 silly fetch manifest dom-accessibility-api@^0.5.6
61 silly fetch manifest redent@^3.0.0
62 silly fetch manifest @testing-library/dom@^8.5.0
63 silly fetch manifest @types/react-dom@^18.0.0
64 silly fetch manifest @types/aria-query@^5.0.1
65 silly fetch manifest chalk@^4.1.0
66 silly fetch manifest dom-accessibility-api@^0.5.9
67 silly fetch manifest lz-string@^1.5.0
68 http fetch GET 200 https://registry.npmjs.org/chalk 20ms (cache hit)
69 http fetch GET 200 https://registry.npmjs.org/chalk 19ms (cache hit)
70 http fetch GET 200 https://registry.npmjs.org/@types%2ftesting-library__jest-dom 70ms (cache miss)
71 http fetch GET 200 https://registry.npmjs.org/redent 150ms (cache miss)
72 http fetch GET 200 https://registry.npmjs.org/@types%2faria-query 151ms (cache miss)
73 http fetch GET 200 https://registry.npmjs.org/@types%2freact-dom 199ms (cache miss)
74 http fetch GET 200 https://registry.npmjs.org/css.escape 278ms (cache miss)
75 http fetch GET 200 https://registry.npmjs.org/@adobe%2fcss-tools 715ms (cache miss)
76 http fetch GET 200 https://registry.npmjs.org/lz-string 726ms (cache miss)
77 http fetch GET 200 https://registry.npmjs.org/dom-accessibility-api 736ms (cache miss)
78 http fetch GET 200 https://registry.npmjs.org/dom-accessibility-api 771ms (cache miss)
79 timing idealTree:#root Completed in 17828ms
80 silly placeDep ROOT @types/aria-query@5.0.1 OK for: @testing-library/dom@9.3.0 want: ^5.0.1
81 silly placeDep node_modules/@testing-library/dom chalk@4.1.2 OK for: @testing-library/dom@9.3.0 want: ^4.1.0
82 silly placeDep ROOT dom-accessibility-api@0.5.16 OK for: @testing-library/dom@9.3.0 want: ^0.5.9
83 silly placeDep ROOT lz-string@1.5.0 OK for: @testing-library/dom@9.3.0 want: ^1.5.0
84 silly fetch manifest ansi-styles@^4.1.0
85 silly fetch manifest supports-color@^7.1.0
86 http fetch GET 200 https://registry.npmjs.org/supports-color 7ms (cache hit)
87 http fetch GET 200 https://registry.npmjs.org/ansi-styles 8ms (cache hit)
88 timing idealTree:node_modules/@testing-library/dom Completed in 18ms
89 silly placeDep ROOT @adobe/css-tools@4.2.0 OK for: @testing-library/jest-dom@5.16.5 want: ^4.0.1
90 silly placeDep ROOT @types/testing-library__jest-dom@5.14.5 OK for: @testing-library/jest-dom@5.16.5 want: ^5.9.1
91 silly placeDep node_modules/@testing-library/jest-dom chalk@3.0.0 OK for: @testing-library/jest-dom@5.16.5 want: ^3.0.0
92 silly placeDep ROOT css.escape@1.5.1 OK for: @testing-library/jest-dom@5.16.5 want: ^1.5.1
93 silly placeDep ROOT redent@3.0.0 OK for: @testing-library/jest-dom@5.16.5 want: ^3.0.0
94 silly fetch manifest @types/jest@*
95 silly fetch manifest indent-string@^4.0.0
96 silly fetch manifest strip-indent@^3.0.0
97 http fetch GET 200 https://registry.npmjs.org/strip-indent 65ms (cache miss)
98 http fetch GET 200 https://registry.npmjs.org/@types%2fjest 114ms (cache miss)
99 http fetch GET 200 https://registry.npmjs.org/indent-string 728ms (cache miss)
100 timing idealTree:node_modules/@testing-library/jest-dom Completed in 735ms
101 timing idealTree:node_modules/@adobe/css-tools Completed in 0ms
102 silly placeDep node_modules/@testing-library/react @testing-library/dom@8.20.0 OK for: @testing-library/react@13.4.0 want: ^8.5.0
103 silly placeDep ROOT @types/react-dom@18.2.4 OK for: @testing-library/react@13.4.0 want: ^18.0.0
104 silly fetch manifest @types/react@*
105 http fetch GET 200 https://registry.npmjs.org/@types%2freact 932ms (cache miss)
106 timing idealTree:node_modules/@testing-library/react Completed in 944ms
107 timing idealTree:node_modules/@testing-library/user-event Completed in 0ms
108 timing idealTree:node_modules/@types/aria-query Completed in 0ms
109 silly placeDep ROOT @types/react@18.2.6 OK for: @types/react-dom@18.2.4 want: *
110 silly fetch manifest @types/prop-types@*
111 silly fetch manifest @types/scheduler@*
112 silly fetch manifest csstype@^3.0.2
113 http fetch GET 200 https://registry.npmjs.org/@types%2fscheduler 90ms (cache miss)
114 http fetch GET 200 https://registry.npmjs.org/csstype 103ms (cache miss)
115 http fetch GET 200 https://registry.npmjs.org/@types%2fprop-types 1304ms (cache miss)
116 timing idealTree:node_modules/@types/react-dom Completed in 1308ms
117 silly placeDep ROOT @types/prop-types@15.7.5 OK for: @types/react@18.2.6 want: *
118 silly placeDep ROOT @types/scheduler@0.16.3 OK for: @types/react@18.2.6 want: *
119 silly placeDep ROOT csstype@3.1.2 OK for: @types/react@18.2.6 want: ^3.0.2
120 timing idealTree:node_modules/@types/react Completed in 8ms
121 timing idealTree:node_modules/@types/prop-types Completed in 0ms
122 timing idealTree:node_modules/@types/scheduler Completed in 0ms
123 silly placeDep ROOT @types/jest@29.5.1 OK for: @types/testing-library__jest-dom@5.14.5 want: *
124 silly fetch manifest expect@^29.0.0
125 silly fetch manifest pretty-format@^29.0.0
126 http fetch GET 200 https://registry.npmjs.org/pretty-format 7ms (cache hit)
127 http fetch GET 200 https://registry.npmjs.org/expect 9ms (cache hit)
128 timing idealTree:node_modules/@types/testing-library__jest-dom Completed in 13ms
129 silly placeDep node_modules/@types/jest expect@29.5.0 OK for: @types/jest@29.5.1 want: ^29.0.0
130 silly placeDep node_modules/@types/jest pretty-format@29.5.0 OK for: @types/jest@29.5.1 want: ^29.0.0
131 silly fetch manifest @jest/expect-utils@^29.5.0
132 silly fetch manifest jest-get-type@^29.4.3
133 silly fetch manifest jest-matcher-utils@^29.5.0
134 silly fetch manifest jest-message-util@^29.5.0
135 silly fetch manifest jest-util@^29.5.0
136 silly fetch manifest @jest/schemas@^29.4.3
137 silly fetch manifest ansi-styles@^5.0.0
138 silly fetch manifest react-is@^18.0.0
139 http fetch GET 200 https://registry.npmjs.org/jest-get-type 13ms (cache hit)
140 http fetch GET 200 https://registry.npmjs.org/jest-matcher-utils 14ms (cache hit)
141 http fetch GET 200 https://registry.npmjs.org/jest-message-util 15ms (cache hit)
142 http fetch GET 200 https://registry.npmjs.org/@jest%2fschemas 14ms (cache hit)
143 http fetch GET 200 https://registry.npmjs.org/jest-util 16ms (cache hit)
144 http fetch GET 200 https://registry.npmjs.org/react-is 18ms (cache hit)
145 http fetch GET 200 https://registry.npmjs.org/@jest%2fexpect-utils 1202ms (cache miss)
146 timing idealTree:node_modules/@types/jest Completed in 1206ms
147 timing idealTree:node_modules/css.escape Completed in 0ms
148 timing idealTree:node_modules/csstype Completed in 0ms
149 timing idealTree:node_modules/dom-accessibility-api Completed in 0ms
150 timing idealTree:node_modules/lz-string Completed in 0ms
151 silly fetch manifest typescript@^3.2.1 || ^4
152 http fetch GET 200 https://registry.npmjs.org/typescript 21ms (cache hit)
153 silly placeDep ROOT typescript@4.9.5 REPLACE for: react-scripts@5.0.1 want: ^3.2.1 || ^4
154 timing idealTree:node_modules/react-scripts Completed in 100ms
155 silly placeDep ROOT indent-string@4.0.0 OK for: redent@3.0.0 want: ^4.0.0
156 silly placeDep ROOT strip-indent@3.0.0 OK for: redent@3.0.0 want: ^3.0.0
157 silly fetch manifest min-indent@^1.0.0
158 http fetch GET 200 https://registry.npmjs.org/min-indent 647ms (cache miss)
159 timing idealTree:node_modules/redent Completed in 662ms
160 timing idealTree:node_modules/indent-string Completed in 0ms
161 silly placeDep ROOT min-indent@1.0.1 OK for: strip-indent@3.0.0 want: ^1.0.0
162 timing idealTree:node_modules/strip-indent Completed in 3ms
163 timing idealTree:node_modules/min-indent Completed in 0ms
164 timing idealTree:node_modules/typescript Completed in 0ms
165 timing idealTree:node_modules/web-vitals Completed in 0ms
166 silly placeDep node_modules/@testing-library/dom ansi-styles@4.3.0 OK for: chalk@4.1.2 want: ^4.1.0
167 silly placeDep node_modules/@testing-library/dom supports-color@7.2.0 OK for: chalk@4.1.2 want: ^7.1.0
168 silly fetch manifest color-convert@^2.0.1
169 silly fetch manifest has-flag@^4.0.0
170 http fetch GET 200 https://registry.npmjs.org/has-flag 6ms (cache hit)
171 http fetch GET 200 https://registry.npmjs.org/color-convert 11ms (cache hit)
172 timing idealTree:node_modules/@testing-library/dom/node_modules/chalk Completed in 21ms
173 silly placeDep node_modules/@testing-library/dom color-convert@2.0.1 OK for: ansi-styles@4.3.0 want: ^2.0.1
174 silly fetch manifest color-name@~1.1.4
175 http fetch GET 200 https://registry.npmjs.org/color-name 3ms (cache hit)
176 timing idealTree:node_modules/@testing-library/dom/node_modules/ansi-styles Completed in 4ms
177 silly placeDep node_modules/@testing-library/dom color-name@1.1.4 OK for: color-convert@2.0.1 want: ~1.1.4
178 timing idealTree:node_modules/@testing-library/dom/node_modules/color-convert Completed in 2ms
179 timing idealTree:node_modules/@testing-library/dom/node_modules/color-name Completed in 0ms
180 silly placeDep node_modules/@testing-library/dom has-flag@4.0.0 OK for: supports-color@7.2.0 want: ^4.0.0
181 timing idealTree:node_modules/@testing-library/dom/node_modules/supports-color Completed in 0ms
182 timing idealTree:node_modules/@testing-library/dom/node_modules/has-flag Completed in 0ms
183 silly placeDep node_modules/@testing-library/jest-dom ansi-styles@4.3.0 OK for: chalk@3.0.0 want: ^4.1.0
184 silly placeDep node_modules/@testing-library/jest-dom supports-color@7.2.0 OK for: chalk@3.0.0 want: ^7.1.0
185 timing idealTree:node_modules/@testing-library/jest-dom/node_modules/chalk Completed in 2ms
186 silly placeDep node_modules/@testing-library/jest-dom color-convert@2.0.1 OK for: ansi-styles@4.3.0 want: ^2.0.1
187 timing idealTree:node_modules/@testing-library/jest-dom/node_modules/ansi-styles Completed in 2ms
188 silly placeDep node_modules/@testing-library/jest-dom color-name@1.1.4 OK for: color-convert@2.0.1 want: ~1.1.4
189 timing idealTree:node_modules/@testing-library/jest-dom/node_modules/color-convert Completed in 0ms
190 timing idealTree:node_modules/@testing-library/jest-dom/node_modules/color-name Completed in 0ms
191 silly placeDep node_modules/@testing-library/jest-dom has-flag@4.0.0 OK for: supports-color@7.2.0 want: ^4.0.0
192 timing idealTree:node_modules/@testing-library/jest-dom/node_modules/supports-color Completed in 1ms
193 timing idealTree:node_modules/@testing-library/jest-dom/node_modules/has-flag Completed in 0ms
194 silly placeDep node_modules/@testing-library/react chalk@4.1.2 OK for: @testing-library/dom@8.20.0 want: ^4.1.0
195 timing idealTree:node_modules/@testing-library/react/node_modules/@testing-library/dom Completed in 0ms
196 silly placeDep node_modules/@testing-library/react ansi-styles@4.3.0 OK for: chalk@4.1.2 want: ^4.1.0
197 silly placeDep node_modules/@testing-library/react supports-color@7.2.0 OK for: chalk@4.1.2 want: ^7.1.0
198 timing idealTree:node_modules/@testing-library/react/node_modules/chalk Completed in 1ms
199 silly placeDep node_modules/@testing-library/react color-convert@2.0.1 OK for: ansi-styles@4.3.0 want: ^2.0.1
200 timing idealTree:node_modules/@testing-library/react/node_modules/ansi-styles Completed in 1ms
201 silly placeDep node_modules/@testing-library/react color-name@1.1.4 OK for: color-convert@2.0.1 want: ~1.1.4
202 timing idealTree:node_modules/@testing-library/react/node_modules/color-convert Completed in 1ms
203 timing idealTree:node_modules/@testing-library/react/node_modules/color-name Completed in 0ms
204 silly placeDep node_modules/@testing-library/react has-flag@4.0.0 OK for: supports-color@7.2.0 want: ^4.0.0
205 timing idealTree:node_modules/@testing-library/react/node_modules/supports-color Completed in 0ms
206 timing idealTree:node_modules/@testing-library/react/node_modules/has-flag Completed in 0ms
207 silly placeDep ROOT @jest/expect-utils@29.5.0 OK for: expect@29.5.0 want: ^29.5.0
208 silly placeDep node_modules/@types/jest jest-get-type@29.4.3 OK for: expect@29.5.0 want: ^29.4.3
209 silly placeDep node_modules/@types/jest jest-matcher-utils@29.5.0 OK for: expect@29.5.0 want: ^29.5.0
210 silly placeDep node_modules/@types/jest jest-message-util@29.5.0 OK for: expect@29.5.0 want: ^29.5.0
211 silly placeDep node_modules/@types/jest jest-util@29.5.0 OK for: expect@29.5.0 want: ^29.5.0
212 silly fetch manifest chalk@^4.0.0
213 silly fetch manifest jest-diff@^29.5.0
214 silly fetch manifest @jest/types@^29.5.0
215 http fetch GET 200 https://registry.npmjs.org/jest-diff 8ms (cache hit)
216 http fetch GET 200 https://registry.npmjs.org/@jest%2ftypes 10ms (cache hit)
217 timing idealTree:node_modules/@types/jest/node_modules/expect Completed in 17ms
218 silly placeDep node_modules/@jest/expect-utils jest-get-type@29.4.3 OK for: @jest/expect-utils@29.5.0 want: ^29.4.3
219 timing idealTree:node_modules/@jest/expect-utils Completed in 1ms
220 timing idealTree:node_modules/@jest/expect-utils/node_modules/jest-get-type Completed in 0ms
221 timing idealTree:node_modules/@types/jest/node_modules/jest-get-type Completed in 0ms
222 silly placeDep node_modules/@types/jest chalk@4.1.2 OK for: jest-matcher-utils@29.5.0 want: ^4.0.0
223 silly placeDep node_modules/@types/jest jest-diff@29.5.0 OK for: jest-matcher-utils@29.5.0 want: ^29.5.0
224 silly fetch manifest diff-sequences@^29.4.3
225 http fetch GET 200 https://registry.npmjs.org/diff-sequences 4ms (cache hit)
226 timing idealTree:node_modules/@types/jest/node_modules/jest-matcher-utils Completed in 7ms
227 silly placeDep node_modules/@types/jest ansi-styles@4.3.0 OK for: chalk@4.1.2 want: ^4.1.0
228 silly placeDep node_modules/@types/jest supports-color@7.2.0 OK for: chalk@4.1.2 want: ^7.1.0
229 timing idealTree:node_modules/@types/jest/node_modules/chalk Completed in 2ms
230 silly placeDep node_modules/@types/jest color-convert@2.0.1 OK for: ansi-styles@4.3.0 want: ^2.0.1
231 timing idealTree:node_modules/@types/jest/node_modules/ansi-styles Completed in 1ms
232 silly placeDep node_modules/@types/jest color-name@1.1.4 OK for: color-convert@2.0.1 want: ~1.1.4
233 timing idealTree:node_modules/@types/jest/node_modules/color-convert Completed in 0ms
234 timing idealTree:node_modules/@types/jest/node_modules/color-name Completed in 0ms
235 silly placeDep node_modules/@types/jest diff-sequences@29.4.3 OK for: jest-diff@29.5.0 want: ^29.4.3
236 timing idealTree:node_modules/@types/jest/node_modules/jest-diff Completed in 1ms
237 timing idealTree:node_modules/@types/jest/node_modules/diff-sequences Completed in 0ms
238 silly placeDep node_modules/@types/jest @jest/types@29.5.0 OK for: jest-message-util@29.5.0 want: ^29.5.0
239 silly fetch manifest @types/yargs@^17.0.8
240 http fetch GET 200 https://registry.npmjs.org/@types%2fyargs 4ms (cache hit)
241 timing idealTree:node_modules/@types/jest/node_modules/jest-message-util Completed in 7ms
242 silly placeDep node_modules/@types/jest @jest/schemas@29.4.3 OK for: @jest/types@29.5.0 want: ^29.4.3
243 silly placeDep node_modules/@types/jest @types/yargs@17.0.24 OK for: @jest/types@29.5.0 want: ^17.0.8
244 silly fetch manifest @sinclair/typebox@^0.25.16
245 http fetch GET 200 https://registry.npmjs.org/@sinclair%2ftypebox 3ms (cache hit)
246 timing idealTree:node_modules/@types/jest/node_modules/@jest/types Completed in 7ms
247 silly placeDep node_modules/@types/jest @sinclair/typebox@0.25.24 OK for: @jest/schemas@29.4.3 want: ^0.25.16
248 timing idealTree:node_modules/@types/jest/node_modules/@jest/schemas Completed in 1ms
249 timing idealTree:node_modules/@types/jest/node_modules/@sinclair/typebox Completed in 0ms
250 timing idealTree:node_modules/@types/jest/node_modules/@types/yargs Completed in 0ms
251 timing idealTree:node_modules/@types/jest/node_modules/jest-util Completed in 0ms
252 silly placeDep node_modules/@types/jest/node_modules/pretty-format ansi-styles@5.2.0 OK for: pretty-format@29.5.0 want: ^5.0.0
253 silly placeDep node_modules/@types/jest react-is@18.2.0 OK for: pretty-format@29.5.0 want: ^18.0.0
254 timing idealTree:node_modules/@types/jest/node_modules/pretty-format Completed in 2ms
255 timing idealTree:node_modules/@types/jest/node_modules/react-is Completed in 0ms
256 silly placeDep node_modules/@types/jest has-flag@4.0.0 OK for: supports-color@7.2.0 want: ^4.0.0
257 timing idealTree:node_modules/@types/jest/node_modules/supports-color Completed in 1ms
258 timing idealTree:node_modules/@types/jest/node_modules/has-flag Completed in 0ms
259 timing idealTree:node_modules/@types/jest/node_modules/pretty-format/node_modules/ansi-styles Completed in 0ms
260 timing idealTree:buildDeps Completed in 22912ms
261 timing idealTree:fixDepFlags Completed in 17ms
262 timing idealTree Completed in 23499ms
263 timing reify:loadTrees Completed in 23499ms
264 timing reify:diffTrees Completed in 17ms
265 silly reify mark retired [
265 silly reify   '/home/vagrant/hello/node_modules/typescript',
265 silly reify   '/home/vagrant/hello/node_modules/.bin/tsc',
265 silly reify   '/home/vagrant/hello/node_modules/.bin/tsserver'
265 silly reify ]
266 silly reify moves {
266 silly reify   '/home/vagrant/hello/node_modules/typescript': '/home/vagrant/hello/node_modules/.typescript-ZCW0ZaV5',
266 silly reify   '/home/vagrant/hello/node_modules/.bin/tsc': '/home/vagrant/hello/node_modules/.bin/.tsc-5SU7OHhz',
266 silly reify   '/home/vagrant/hello/node_modules/.bin/tsserver': '/home/vagrant/hello/node_modules/.bin/.tsserver-lT2I5rY1'
266 silly reify }
267 timing reify:retireShallow Completed in 3ms
268 timing reify:createSparse Completed in 3ms
269 timing reify:loadBundles Completed in 0ms
270 verbose reify failed optional dependency /home/vagrant/hello/node_modules/fsevents
271 silly reify mark deleted [ '/home/vagrant/hello/node_modules/fsevents' ]
272 timing reifyNode:node_modules/fsevents Completed in 3ms
273 silly tarball no local data for @jest/expect-utils@https://registry.npmjs.org/@jest/expect-utils/-/expect-utils-29.5.0.tgz. Extracting by manifest.
274 silly tarball no local data for min-indent@https://registry.npmjs.org/min-indent/-/min-indent-1.0.1.tgz. Extracting by manifest.
275 silly tarball no local data for indent-string@https://registry.npmjs.org/indent-string/-/indent-string-4.0.0.tgz. Extracting by manifest.
276 silly tarball no local data for @types/jest@https://registry.npmjs.org/@types/jest/-/jest-29.5.1.tgz. Extracting by manifest.
277 silly tarball no local data for csstype@https://registry.npmjs.org/csstype/-/csstype-3.1.2.tgz. Extracting by manifest.
278 silly tarball no local data for strip-indent@https://registry.npmjs.org/strip-indent/-/strip-indent-3.0.0.tgz. Extracting by manifest.
279 silly tarball no local data for @types/react@https://registry.npmjs.org/@types/react/-/react-18.2.6.tgz. Extracting by manifest.
280 silly tarball no local data for redent@https://registry.npmjs.org/redent/-/redent-3.0.0.tgz. Extracting by manifest.
281 silly tarball no local data for css.escape@https://registry.npmjs.org/css.escape/-/css.escape-1.5.1.tgz. Extracting by manifest.
282 silly tarball no local data for @types/testing-library__jest-dom@https://registry.npmjs.org/@types/testing-library__jest-dom/-/testing-library__jest-dom-5.14.5.tgz. Extracting by manifest.
283 silly tarball no local data for @adobe/css-tools@https://registry.npmjs.org/@adobe/css-tools/-/css-tools-4.2.0.tgz. Extracting by manifest.
284 silly tarball no local data for lz-string@https://registry.npmjs.org/lz-string/-/lz-string-1.5.0.tgz. Extracting by manifest.
285 silly tarball no local data for dom-accessibility-api@https://registry.npmjs.org/dom-accessibility-api/-/dom-accessibility-api-0.5.16.tgz. Extracting by manifest.
286 silly tarball no local data for @types/aria-query@https://registry.npmjs.org/@types/aria-query/-/aria-query-5.0.1.tgz. Extracting by manifest.
287 silly tarball no local data for web-vitals@https://registry.npmjs.org/web-vitals/-/web-vitals-2.1.4.tgz. Extracting by manifest.
288 silly tarball no local data for @testing-library/dom@https://registry.npmjs.org/@testing-library/dom/-/dom-9.3.0.tgz. Extracting by manifest.
289 silly tarball no local data for @testing-library/user-event@https://registry.npmjs.org/@testing-library/user-event/-/user-event-13.5.0.tgz. Extracting by manifest.
290 silly tarball no local data for @types/scheduler@https://registry.npmjs.org/@types/scheduler/-/scheduler-0.16.3.tgz. Extracting by manifest.
291 silly tarball no local data for @testing-library/react@https://registry.npmjs.org/@testing-library/react/-/react-13.4.0.tgz. Extracting by manifest.
292 silly tarball no local data for @types/react-dom@https://registry.npmjs.org/@types/react-dom/-/react-dom-18.2.4.tgz. Extracting by manifest.
293 silly tarball no local data for @testing-library/jest-dom@https://registry.npmjs.org/@testing-library/jest-dom/-/jest-dom-5.16.5.tgz. Extracting by manifest.
294 silly tarball no local data for typescript@https://registry.npmjs.org/typescript/-/typescript-4.9.5.tgz. Extracting by manifest.
295 silly tarball no local data for @types/prop-types@https://registry.npmjs.org/@types/prop-types/-/prop-types-15.7.5.tgz. Extracting by manifest.
296 silly tarball no local data for jest-get-type@https://registry.npmjs.org/jest-get-type/-/jest-get-type-29.4.3.tgz. Extracting by manifest.
297 silly tarball no local data for @sinclair/typebox@https://registry.npmjs.org/@sinclair/typebox/-/typebox-0.25.24.tgz. Extracting by manifest.
298 silly tarball no local data for @jest/types@https://registry.npmjs.org/@jest/types/-/types-29.5.0.tgz. Extracting by manifest.
299 silly tarball no local data for @jest/schemas@https://registry.npmjs.org/@jest/schemas/-/schemas-29.4.3.tgz. Extracting by manifest.
300 silly tarball no local data for diff-sequences@https://registry.npmjs.org/diff-sequences/-/diff-sequences-29.4.3.tgz. Extracting by manifest.
301 silly tarball no local data for jest-diff@https://registry.npmjs.org/jest-diff/-/jest-diff-29.5.0.tgz. Extracting by manifest.
302 silly tarball no local data for jest-util@https://registry.npmjs.org/jest-util/-/jest-util-29.5.0.tgz. Extracting by manifest.
303 silly tarball no local data for jest-message-util@https://registry.npmjs.org/jest-message-util/-/jest-message-util-29.5.0.tgz. Extracting by manifest.
304 silly tarball no local data for jest-matcher-utils@https://registry.npmjs.org/jest-matcher-utils/-/jest-matcher-utils-29.5.0.tgz. Extracting by manifest.
305 silly tarball no local data for jest-get-type@https://registry.npmjs.org/jest-get-type/-/jest-get-type-29.4.3.tgz. Extracting by manifest.
306 silly tarball no local data for pretty-format@https://registry.npmjs.org/pretty-format/-/pretty-format-29.5.0.tgz. Extracting by manifest.
307 silly tarball no local data for expect@https://registry.npmjs.org/expect/-/expect-29.5.0.tgz. Extracting by manifest.
308 silly tarball no local data for @testing-library/dom@https://registry.npmjs.org/@testing-library/dom/-/dom-8.20.0.tgz. Extracting by manifest.
309 silly tarball no local data for chalk@https://registry.npmjs.org/chalk/-/chalk-3.0.0.tgz. Extracting by manifest.
310 timing reifyNode:node_modules/@types/jest/node_modules/color-name Completed in 153ms
311 timing reifyNode:node_modules/@testing-library/dom/node_modules/color-name Completed in 153ms
312 timing reifyNode:node_modules/@testing-library/react/node_modules/color-name Completed in 150ms
313 timing reifyNode:node_modules/@testing-library/jest-dom/node_modules/color-name Completed in 150ms
314 timing reifyNode:node_modules/@types/jest/node_modules/has-flag Completed in 156ms
315 timing reifyNode:node_modules/@types/jest/node_modules/supports-color Completed in 156ms
316 timing reifyNode:node_modules/@testing-library/dom/node_modules/has-flag Completed in 155ms
317 timing reifyNode:node_modules/@testing-library/dom/node_modules/supports-color Completed in 155ms
318 timing reifyNode:node_modules/@testing-library/react/node_modules/has-flag Completed in 153ms
319 timing reifyNode:node_modules/@testing-library/react/node_modules/supports-color Completed in 153ms
320 timing reifyNode:node_modules/@testing-library/jest-dom/node_modules/supports-color Completed in 153ms
321 timing reifyNode:node_modules/@testing-library/jest-dom/node_modules/has-flag Completed in 153ms
322 timing reifyNode:node_modules/@types/jest/node_modules/ansi-styles Completed in 158ms
323 timing reifyNode:node_modules/@types/jest/node_modules/pretty-format/node_modules/ansi-styles Completed in 157ms
324 timing reifyNode:node_modules/@testing-library/dom/node_modules/ansi-styles Completed in 157ms
325 timing reifyNode:node_modules/@testing-library/react/node_modules/ansi-styles Completed in 154ms
326 timing reifyNode:node_modules/@testing-library/jest-dom/node_modules/ansi-styles Completed in 154ms
327 http fetch GET 200 https://registry.npmjs.org/min-indent/-/min-indent-1.0.1.tgz 142ms (cache miss)
328 timing reifyNode:node_modules/min-indent Completed in 160ms
329 http fetch GET 200 https://registry.npmjs.org/css.escape/-/css.escape-1.5.1.tgz 138ms (cache miss)
330 timing reifyNode:node_modules/css.escape Completed in 159ms
331 http fetch GET 200 https://registry.npmjs.org/indent-string/-/indent-string-4.0.0.tgz 142ms (cache miss)
332 timing reifyNode:node_modules/indent-string Completed in 160ms
333 timing reifyNode:node_modules/@types/jest/node_modules/color-convert Completed in 161ms
334 timing reifyNode:node_modules/@testing-library/dom/node_modules/color-convert Completed in 160ms
335 timing reifyNode:node_modules/@testing-library/react/node_modules/color-convert Completed in 157ms
336 timing reifyNode:node_modules/@testing-library/jest-dom/node_modules/color-convert Completed in 157ms
337 http fetch GET 200 https://registry.npmjs.org/strip-indent/-/strip-indent-3.0.0.tgz 141ms (cache miss)
338 timing reifyNode:node_modules/strip-indent Completed in 161ms
339 http fetch GET 200 https://registry.npmjs.org/redent/-/redent-3.0.0.tgz 140ms (cache miss)
340 timing reifyNode:node_modules/redent Completed in 160ms
341 timing reifyNode:node_modules/@types/jest/node_modules/chalk Completed in 162ms
342 timing reifyNode:node_modules/@testing-library/dom/node_modules/chalk Completed in 161ms
343 timing reifyNode:node_modules/@testing-library/react/node_modules/chalk Completed in 158ms
344 timing reifyNode:node_modules/@types/jest/node_modules/react-is Completed in 162ms
345 timing reifyNode:node_modules/@types/jest/node_modules/@types/yargs Completed in 162ms
346 http fetch GET 200 https://registry.npmjs.org/@types/jest/-/jest-29.5.1.tgz 146ms (cache miss)
347 timing reifyNode:node_modules/@types/jest Completed in 164ms
348 http fetch GET 200 https://registry.npmjs.org/csstype/-/csstype-3.1.2.tgz 168ms (cache miss)
349 timing reifyNode:node_modules/csstype Completed in 186ms
350 http fetch GET 200 https://registry.npmjs.org/web-vitals/-/web-vitals-2.1.4.tgz 170ms (cache miss)
351 timing reifyNode:node_modules/web-vitals Completed in 196ms
352 http fetch GET 200 https://registry.npmjs.org/lz-string/-/lz-string-1.5.0.tgz 180ms (cache miss)
353 timing reifyNode:node_modules/lz-string Completed in 202ms
354 http fetch GET 200 https://registry.npmjs.org/@types/aria-query/-/aria-query-5.0.1.tgz 192ms (cache miss)
355 timing reifyNode:node_modules/@types/aria-query Completed in 215ms
356 http fetch GET 200 https://registry.npmjs.org/dom-accessibility-api/-/dom-accessibility-api-0.5.16.tgz 229ms (cache miss)
357 timing reifyNode:node_modules/dom-accessibility-api Completed in 253ms
358 http fetch GET 200 https://registry.npmjs.org/@testing-library/jest-dom/-/jest-dom-5.16.5.tgz 231ms (cache miss)
359 timing reifyNode:node_modules/@testing-library/jest-dom Completed in 256ms
360 http fetch GET 200 https://registry.npmjs.org/@types/prop-types/-/prop-types-15.7.5.tgz 231ms (cache miss)
361 timing reifyNode:node_modules/@types/prop-types Completed in 261ms
362 http fetch GET 200 https://registry.npmjs.org/jest-get-type/-/jest-get-type-29.4.3.tgz 240ms (cache miss)
363 timing reifyNode:node_modules/@jest/expect-utils/node_modules/jest-get-type Completed in 272ms
364 http fetch GET 200 https://registry.npmjs.org/@jest/types/-/types-29.5.0.tgz 287ms (cache miss)
365 timing reifyNode:node_modules/@types/jest/node_modules/@jest/types Completed in 323ms
366 http fetch GET 200 https://registry.npmjs.org/jest-diff/-/jest-diff-29.5.0.tgz 387ms (cache miss)
367 timing reifyNode:node_modules/@types/jest/node_modules/jest-diff Completed in 425ms
368 http fetch GET 200 https://registry.npmjs.org/jest-util/-/jest-util-29.5.0.tgz 462ms (cache miss)
369 timing reifyNode:node_modules/@types/jest/node_modules/jest-util Completed in 501ms
370 http fetch GET 200 https://registry.npmjs.org/@jest/schemas/-/schemas-29.4.3.tgz 503ms (cache miss)
371 timing reifyNode:node_modules/@types/jest/node_modules/@jest/schemas Completed in 540ms
372 http fetch GET 200 https://registry.npmjs.org/jest-message-util/-/jest-message-util-29.5.0.tgz 530ms (cache miss)
373 timing reifyNode:node_modules/@types/jest/node_modules/jest-message-util Completed in 571ms
374 http fetch GET 200 https://registry.npmjs.org/diff-sequences/-/diff-sequences-29.4.3.tgz 561ms (cache miss)
375 timing reifyNode:node_modules/@types/jest/node_modules/diff-sequences Completed in 599ms
376 http fetch GET 200 https://registry.npmjs.org/jest-matcher-utils/-/jest-matcher-utils-29.5.0.tgz 569ms (cache miss)
377 timing reifyNode:node_modules/@types/jest/node_modules/jest-matcher-utils Completed in 610ms
378 http fetch GET 200 https://registry.npmjs.org/@adobe/css-tools/-/css-tools-4.2.0.tgz 607ms (cache miss)
379 timing reifyNode:node_modules/@adobe/css-tools Completed in 629ms
380 http fetch GET 200 https://registry.npmjs.org/jest-get-type/-/jest-get-type-29.4.3.tgz 588ms (cache miss)
381 timing reifyNode:node_modules/@types/jest/node_modules/jest-get-type Completed in 631ms
382 http fetch GET 200 https://registry.npmjs.org/pretty-format/-/pretty-format-29.5.0.tgz 624ms (cache miss)
383 timing reifyNode:node_modules/@types/jest/node_modules/pretty-format Completed in 667ms
384 http fetch GET 200 https://registry.npmjs.org/expect/-/expect-29.5.0.tgz 627ms (cache miss)
385 timing reifyNode:node_modules/@types/jest/node_modules/expect Completed in 671ms
386 http fetch GET 200 https://registry.npmjs.org/chalk/-/chalk-3.0.0.tgz 647ms (cache miss)
387 timing reifyNode:node_modules/@testing-library/jest-dom/node_modules/chalk Completed in 689ms
388 http fetch GET 200 https://registry.npmjs.org/@jest/expect-utils/-/expect-utils-29.5.0.tgz 729ms (cache miss)
389 timing reifyNode:node_modules/@jest/expect-utils Completed in 747ms
390 http fetch GET 200 https://registry.npmjs.org/@types/scheduler/-/scheduler-0.16.3.tgz 764ms (cache miss)
391 timing reifyNode:node_modules/@types/scheduler Completed in 790ms
392 http fetch GET 200 https://registry.npmjs.org/@types/react/-/react-18.2.6.tgz 807ms (cache miss)
393 timing reifyNode:node_modules/@types/react Completed in 827ms
394 http fetch GET 200 https://registry.npmjs.org/@testing-library/user-event/-/user-event-13.5.0.tgz 1087ms (cache miss)
395 timing reifyNode:node_modules/@testing-library/user-event Completed in 1111ms
396 http fetch GET 200 https://registry.npmjs.org/@sinclair/typebox/-/typebox-0.25.24.tgz 1344ms (cache miss)
397 timing reifyNode:node_modules/@types/jest/node_modules/@sinclair/typebox Completed in 1376ms
398 http fetch GET 200 https://registry.npmjs.org/@testing-library/dom/-/dom-9.3.0.tgz 1352ms (cache miss)
399 timing reifyNode:node_modules/@testing-library/dom Completed in 1378ms
400 http fetch GET 200 https://registry.npmjs.org/@testing-library/react/-/react-13.4.0.tgz 1370ms (cache miss)
401 timing reifyNode:node_modules/@testing-library/react Completed in 1395ms
402 http fetch GET 200 https://registry.npmjs.org/@testing-library/dom/-/dom-8.20.0.tgz 1434ms (cache miss)
403 timing reifyNode:node_modules/@testing-library/react/node_modules/@testing-library/dom Completed in 1476ms
404 http fetch GET 200 https://registry.npmjs.org/typescript/-/typescript-4.9.5.tgz 1468ms (cache miss)
405 timing reifyNode:node_modules/typescript Completed in 1495ms
406 http fetch GET 200 https://registry.npmjs.org/@types/react-dom/-/react-dom-18.2.4.tgz 1762ms (cache miss)
407 timing reifyNode:node_modules/@types/react-dom Completed in 1790ms
408 http fetch GET 200 https://registry.npmjs.org/@types/testing-library__jest-dom/-/testing-library__jest-dom-5.14.5.tgz 1796ms (cache miss)
409 timing reifyNode:node_modules/@types/testing-library__jest-dom Completed in 1818ms
410 timing reify:unpack Completed in 1819ms
411 timing reify:unretire Completed in 1ms
412 timing build:queue Completed in 4ms
413 timing build:link:node_modules/lz-string Completed in 1ms
414 timing build:link:node_modules/typescript Completed in 1ms
415 timing build:link Completed in 2ms
416 timing build:deps Completed in 6ms
417 timing build Completed in 6ms
418 timing reify:build Completed in 8ms
419 timing reify:trash Completed in 7ms
420 timing reify:save Completed in 143ms
421 timing reify Completed in 25580ms
422 silly ADD node_modules/@jest/expect-utils
423 silly ADD node_modules/@jest/expect-utils/node_modules/jest-get-type
424 silly ADD node_modules/min-indent
425 silly ADD node_modules/strip-indent
426 silly ADD node_modules/indent-string
427 silly ADD node_modules/@types/jest
428 silly ADD node_modules/@types/jest/node_modules/has-flag
429 silly ADD node_modules/@types/jest/node_modules/react-is
430 silly ADD node_modules/@types/jest/node_modules/@sinclair/typebox
431 silly ADD node_modules/@types/jest/node_modules/@types/yargs
432 silly ADD node_modules/@types/jest/node_modules/@jest/schemas
433 silly ADD node_modules/@types/jest/node_modules/@jest/types
434 silly ADD node_modules/@types/jest/node_modules/diff-sequences
435 silly ADD node_modules/@types/jest/node_modules/color-name
436 silly ADD node_modules/@types/jest/node_modules/color-convert
437 silly ADD node_modules/@types/jest/node_modules/supports-color
438 silly ADD node_modules/@types/jest/node_modules/ansi-styles
439 silly ADD node_modules/@types/jest/node_modules/jest-diff
440 silly ADD node_modules/@types/jest/node_modules/chalk
441 silly ADD node_modules/@types/jest/node_modules/jest-util
442 silly ADD node_modules/@types/jest/node_modules/jest-message-util
443 silly ADD node_modules/@types/jest/node_modules/jest-matcher-utils
444 silly ADD node_modules/@types/jest/node_modules/jest-get-type
445 silly ADD node_modules/@types/jest/node_modules/pretty-format
446 silly ADD node_modules/@types/jest/node_modules/pretty-format/node_modules/ansi-styles
447 silly ADD node_modules/@types/jest/node_modules/expect
448 silly ADD node_modules/csstype
449 silly ADD node_modules/@types/scheduler
450 silly ADD node_modules/@types/prop-types
451 silly ADD node_modules/@types/react
452 silly ADD node_modules/@types/react-dom
453 silly ADD node_modules/redent
454 silly ADD node_modules/css.escape
455 silly ADD node_modules/@types/testing-library__jest-dom
456 silly ADD node_modules/@adobe/css-tools
457 silly ADD node_modules/lz-string
458 silly ADD node_modules/dom-accessibility-api
459 silly ADD node_modules/@types/aria-query
460 silly ADD node_modules/web-vitals
461 silly ADD node_modules/@testing-library/dom
462 silly ADD node_modules/@testing-library/dom/node_modules/has-flag
463 silly ADD node_modules/@testing-library/dom/node_modules/color-name
464 silly ADD node_modules/@testing-library/dom/node_modules/color-convert
465 silly ADD node_modules/@testing-library/dom/node_modules/supports-color
466 silly ADD node_modules/@testing-library/dom/node_modules/ansi-styles
467 silly ADD node_modules/@testing-library/dom/node_modules/chalk
468 silly ADD node_modules/@testing-library/user-event
469 silly ADD node_modules/@testing-library/react
470 silly ADD node_modules/@testing-library/react/node_modules/has-flag
471 silly ADD node_modules/@testing-library/react/node_modules/color-name
472 silly ADD node_modules/@testing-library/react/node_modules/color-convert
473 silly ADD node_modules/@testing-library/react/node_modules/supports-color
474 silly ADD node_modules/@testing-library/react/node_modules/ansi-styles
475 silly ADD node_modules/@testing-library/react/node_modules/chalk
476 silly ADD node_modules/@testing-library/react/node_modules/@testing-library/dom
477 silly ADD node_modules/@testing-library/jest-dom
478 silly ADD node_modules/@testing-library/jest-dom/node_modules/has-flag
479 silly ADD node_modules/@testing-library/jest-dom/node_modules/color-name
480 silly ADD node_modules/@testing-library/jest-dom/node_modules/color-convert
481 silly ADD node_modules/@testing-library/jest-dom/node_modules/supports-color
482 silly ADD node_modules/@testing-library/jest-dom/node_modules/ansi-styles
483 silly ADD node_modules/@testing-library/jest-dom/node_modules/chalk
484 silly ADD
485 silly CHANGE node_modules/typescript
486 timing command:install Completed in 25588ms
487 verbose exit 0
488 timing npm Completed in 25616ms
489 info ok
